<?xml version="1.0" encoding="UTF-8"?>
<coverage generated="1767143707752" clover="3.2.0">
  <project timestamp="1767143707752" name="All files">
    <metrics statements="586" coveredstatements="432" conditionals="348" coveredconditionals="222" methods="170" coveredmethods="109" elements="1104" coveredelements="763" complexity="0" loc="586" ncloc="586" packages="3" files="11" classes="11"/>
    <package name="components">
      <metrics statements="361" coveredstatements="279" conditionals="254" coveredconditionals="174" methods="94" coveredmethods="73"/>
      <file name="BoardingForm.jsx" path="/Users/kcoffie/qap/dog-boarding/src/components/BoardingForm.jsx">
        <metrics statements="56" coveredstatements="43" conditionals="59" coveredconditionals="43" methods="16" coveredmethods="11"/>
        <line num="7" count="20" type="stmt"/>
        <line num="9" count="20" type="cond" truecount="2" falsecount="0"/>
        <line num="10" count="20" type="stmt"/>
        <line num="11" count="20" type="stmt"/>
        <line num="12" count="20" type="stmt"/>
        <line num="13" count="20" type="stmt"/>
        <line num="14" count="20" type="stmt"/>
        <line num="16" count="20" type="stmt"/>
        <line num="19" count="20" type="stmt"/>
        <line num="20" count="40" type="cond" truecount="1" falsecount="2"/>
        <line num="21" count="40" type="stmt"/>
        <line num="26" count="39" type="cond" truecount="2" falsecount="0"/>
        <line num="28" count="20" type="stmt"/>
        <line num="29" count="9" type="cond" truecount="2" falsecount="0"/>
        <line num="30" count="1" type="stmt"/>
        <line num="31" count="1" type="stmt"/>
        <line num="32" count="1" type="stmt"/>
        <line num="33" count="1" type="stmt"/>
        <line num="34" count="1" type="stmt"/>
        <line num="38" count="20" type="stmt"/>
        <line num="39" count="4" type="stmt"/>
        <line num="41" count="4" type="cond" truecount="1" falsecount="1"/>
        <line num="42" count="4" type="stmt"/>
        <line num="45" count="4" type="cond" truecount="2" falsecount="0"/>
        <line num="46" count="1" type="stmt"/>
        <line num="49" count="4" type="cond" truecount="2" falsecount="0"/>
        <line num="50" count="1" type="stmt"/>
        <line num="53" count="4" type="cond" truecount="6" falsecount="0"/>
        <line num="54" count="2" type="stmt"/>
        <line num="55" count="2" type="stmt"/>
        <line num="57" count="2" type="cond" truecount="2" falsecount="0"/>
        <line num="58" count="1" type="stmt"/>
        <line num="62" count="4" type="stmt"/>
        <line num="63" count="4" type="stmt"/>
        <line num="66" count="20" type="stmt"/>
        <line num="67" count="4" type="stmt"/>
        <line num="68" count="4" type="cond" truecount="1" falsecount="1"/>
        <line num="70" count="0" type="stmt"/>
        <line num="76" count="0" type="cond" truecount="0" falsecount="2"/>
        <line num="77" count="0" type="stmt"/>
        <line num="78" count="0" type="stmt"/>
        <line num="79" count="0" type="stmt"/>
        <line num="80" count="0" type="stmt"/>
        <line num="81" count="0" type="stmt"/>
        <line num="82" count="0" type="stmt"/>
        <line num="87" count="20" type="stmt"/>
        <line num="88" count="20" type="stmt"/>
        <line num="99" count="19" type="stmt"/>
        <line num="103" count="0" type="stmt"/>
        <line num="113" count="20" type="stmt"/>
        <line num="121" count="0" type="cond" truecount="0" falsecount="2"/>
        <line num="126" count="0" type="stmt"/>
        <line num="140" count="3" type="stmt"/>
        <line num="155" count="0" type="stmt"/>
        <line num="169" count="3" type="stmt"/>
        <line num="184" count="0" type="stmt"/>
      </file>
      <file name="BoardingMatrix.jsx" path="/Users/kcoffie/qap/dog-boarding/src/components/BoardingMatrix.jsx">
        <metrics statements="94" coveredstatements="87" conditionals="60" coveredconditionals="50" methods="25" coveredmethods="23"/>
        <line num="7" count="7" type="stmt"/>
        <line num="8" count="7" type="stmt"/>
        <line num="10" count="7" type="stmt"/>
        <line num="12" count="7" type="stmt"/>
        <line num="13" count="0" type="cond" truecount="0" falsecount="2"/>
        <line num="16" count="7" type="stmt"/>
        <line num="17" count="420" type="stmt"/>
        <line num="18" count="420" type="stmt"/>
        <line num="19" count="420" type="cond" truecount="2" falsecount="0"/>
        <line num="22" count="7" type="stmt"/>
        <line num="24" count="343" type="cond" truecount="1" falsecount="1"/>
        <line num="25" count="343" type="stmt"/>
        <line num="26" count="343" type="cond" truecount="2" falsecount="0"/>
        <line num="27" count="147" type="stmt"/>
        <line num="28" count="147" type="stmt"/>
        <line num="31" count="7" type="cond" truecount="1" falsecount="0"/>
        <line num="32" count="294" type="stmt"/>
        <line num="33" count="294" type="stmt"/>
        <line num="34" count="294" type="cond" truecount="2" falsecount="0"/>
        <line num="35" count="126" type="cond" truecount="2" falsecount="0"/>
        <line num="37" count="168" type="cond" truecount="2" falsecount="0"/>
        <line num="38" count="84" type="cond" truecount="2" falsecount="0"/>
        <line num="40" count="84" type="stmt"/>
        <line num="43" count="7" type="stmt"/>
        <line num="44" count="49" type="stmt"/>
        <line num="45" count="49" type="cond" truecount="2" falsecount="0"/>
        <line num="46" count="28" type="cond" truecount="2" falsecount="0"/>
        <line num="47" count="14" type="stmt"/>
        <line num="50" count="7" type="stmt"/>
        <line num="51" count="42" type="stmt"/>
        <line num="59" count="7" type="stmt"/>
        <line num="60" count="49" type="stmt"/>
        <line num="62" count="49" type="stmt"/>
        <line num="63" count="49" type="stmt"/>
        <line num="65" count="49" type="stmt"/>
        <line num="66" count="49" type="cond" truecount="2" falsecount="0"/>
        <line num="67" count="28" type="stmt"/>
        <line num="69" count="49" type="cond" truecount="2" falsecount="0"/>
        <line num="70" count="21" type="stmt"/>
        <line num="74" count="49" type="cond" truecount="2" falsecount="0"/>
        <line num="75" count="21" type="stmt"/>
        <line num="78" count="28" type="cond" truecount="2" falsecount="0"/>
        <line num="79" count="7" type="stmt"/>
        <line num="83" count="21" type="stmt"/>
        <line num="86" count="7" type="stmt"/>
        <line num="87" count="98" type="stmt"/>
        <line num="88" count="98" type="stmt"/>
        <line num="89" count="196" type="stmt"/>
        <line num="90" count="196" type="stmt"/>
        <line num="91" count="98" type="cond" truecount="2" falsecount="0"/>
        <line num="92" count="42" type="stmt"/>
        <line num="93" count="42" type="stmt"/>
        <line num="97" count="98" type="stmt"/>
        <line num="100" count="7" type="stmt"/>
        <line num="101" count="49" type="stmt"/>
        <line num="102" count="49" type="stmt"/>
        <line num="103" count="49" type="stmt"/>
        <line num="106" count="7" type="stmt"/>
        <line num="107" count="392" type="stmt"/>
        <line num="108" count="392" type="stmt"/>
        <line num="109" count="784" type="stmt"/>
        <line num="110" count="784" type="stmt"/>
        <line num="111" count="392" type="cond" truecount="2" falsecount="0"/>
        <line num="112" count="168" type="stmt"/>
        <line num="113" count="168" type="stmt"/>
        <line num="117" count="392" type="stmt"/>
        <line num="120" count="7" type="stmt"/>
        <line num="121" count="14" type="stmt"/>
        <line num="122" count="14" type="stmt"/>
        <line num="123" count="56" type="stmt"/>
        <line num="124" count="7" type="cond" truecount="2" falsecount="2"/>
        <line num="125" count="7" type="stmt"/>
        <line num="129" count="7" type="stmt"/>
        <line num="132" count="7" type="stmt"/>
        <line num="135" count="0" type="stmt"/>
        <line num="136" count="0" type="stmt"/>
        <line num="137" count="0" type="stmt"/>
        <line num="138" count="0" type="cond" truecount="0" falsecount="2"/>
        <line num="141" count="7" type="cond" truecount="1" falsecount="1"/>
        <line num="142" count="0" type="stmt"/>
        <line num="155" count="7" type="cond" truecount="1" falsecount="1"/>
        <line num="156" count="0" type="stmt"/>
        <line num="169" count="7" type="stmt"/>
        <line num="189" count="49" type="stmt"/>
        <line num="198" count="7" type="stmt"/>
        <line num="216" count="49" type="stmt"/>
        <line num="231" count="49" type="stmt"/>
        <line num="232" count="49" type="stmt"/>
        <line num="246" count="49" type="stmt"/>
        <line num="247" count="49" type="stmt"/>
        <line num="261" count="49" type="stmt"/>
        <line num="262" count="49" type="stmt"/>
        <line num="277" count="49" type="stmt"/>
        <line num="292" count="49" type="stmt"/>
      </file>
      <file name="CsvImport.jsx" path="/Users/kcoffie/qap/dog-boarding/src/components/CsvImport.jsx">
        <metrics statements="71" coveredstatements="12" conditionals="48" coveredconditionals="6" methods="14" coveredmethods="1"/>
        <line num="7" count="7" type="stmt"/>
        <line num="8" count="7" type="stmt"/>
        <line num="10" count="7" type="stmt"/>
        <line num="11" count="7" type="stmt"/>
        <line num="12" count="7" type="stmt"/>
        <line num="14" count="7" type="stmt"/>
        <line num="15" count="0" type="stmt"/>
        <line num="16" count="0" type="stmt"/>
        <line num="19" count="0" type="stmt"/>
        <line num="20" count="0" type="cond" truecount="0" falsecount="2"/>
        <line num="21" count="0" type="stmt"/>
        <line num="22" count="0" type="cond" truecount="0" falsecount="2"/>
        <line num="23" count="0" type="stmt"/>
        <line num="27" count="0" type="stmt"/>
        <line num="28" count="0" type="stmt"/>
        <line num="30" count="0" type="cond" truecount="0" falsecount="2"/>
        <line num="31" count="0" type="stmt"/>
        <line num="33" count="0" type="stmt"/>
        <line num="34" count="0" type="cond" truecount="0" falsecount="2"/>
        <line num="35" count="0" type="stmt"/>
        <line num="39" count="0" type="cond" truecount="0" falsecount="2"/>
        <line num="40" count="0" type="stmt"/>
        <line num="42" count="0" type="stmt"/>
        <line num="43" count="0" type="cond" truecount="0" falsecount="2"/>
        <line num="44" count="0" type="stmt"/>
        <line num="49" count="0" type="cond" truecount="0" falsecount="5"/>
        <line num="50" count="0" type="stmt"/>
        <line num="53" count="0" type="stmt"/>
        <line num="64" count="7" type="stmt"/>
        <line num="65" count="0" type="cond" truecount="0" falsecount="2"/>
        <line num="68" count="0" type="stmt"/>
        <line num="69" count="0" type="cond" truecount="0" falsecount="2"/>
        <line num="70" count="0" type="stmt"/>
        <line num="74" count="0" type="stmt"/>
        <line num="75" count="0" type="cond" truecount="0" falsecount="2"/>
        <line num="76" count="0" type="stmt"/>
        <line num="83" count="0" type="cond" truecount="0" falsecount="2"/>
        <line num="84" count="0" type="stmt"/>
        <line num="88" count="0" type="stmt"/>
        <line num="91" count="7" type="stmt"/>
        <line num="92" count="0" type="stmt"/>
        <line num="93" count="0" type="cond" truecount="0" falsecount="2"/>
        <line num="95" count="0" type="stmt"/>
        <line num="97" count="0" type="stmt"/>
        <line num="101" count="0" type="stmt"/>
        <line num="102" count="0" type="stmt"/>
        <line num="104" count="0" type="stmt"/>
        <line num="105" count="0" type="stmt"/>
        <line num="106" count="0" type="stmt"/>
        <line num="107" count="0" type="cond" truecount="0" falsecount="2"/>
        <line num="108" count="0" type="stmt"/>
        <line num="112" count="0" type="stmt"/>
        <line num="113" count="0" type="stmt"/>
        <line num="116" count="0" type="stmt"/>
        <line num="117" count="0" type="stmt"/>
        <line num="122" count="7" type="stmt"/>
        <line num="123" count="0" type="stmt"/>
        <line num="129" count="0" type="stmt"/>
        <line num="130" count="0" type="stmt"/>
        <line num="133" count="7" type="stmt"/>
        <line num="134" count="0" type="stmt"/>
        <line num="135" count="0" type="stmt"/>
        <line num="136" count="0" type="stmt"/>
        <line num="137" count="0" type="cond" truecount="0" falsecount="2"/>
        <line num="138" count="0" type="stmt"/>
        <line num="142" count="7" type="stmt"/>
        <line num="143" count="0" type="stmt"/>
        <line num="144" count="0" type="stmt"/>
        <line num="153" count="7" type="stmt"/>
        <line num="210" count="0" type="stmt"/>
        <line num="233" count="0" type="stmt"/>
      </file>
      <file name="DogForm.jsx" path="/Users/kcoffie/qap/dog-boarding/src/components/DogForm.jsx">
        <metrics statements="35" coveredstatements="34" conditionals="32" coveredconditionals="28" methods="7" coveredmethods="7"/>
        <line num="4" count="42" type="stmt"/>
        <line num="5" count="42" type="stmt"/>
        <line num="6" count="42" type="stmt"/>
        <line num="7" count="42" type="stmt"/>
        <line num="9" count="42" type="stmt"/>
        <line num="11" count="42" type="stmt"/>
        <line num="12" count="10" type="cond" truecount="2" falsecount="0"/>
        <line num="13" count="2" type="stmt"/>
        <line num="14" count="2" type="stmt"/>
        <line num="15" count="2" type="stmt"/>
        <line num="19" count="42" type="stmt"/>
        <line num="20" count="4" type="stmt"/>
        <line num="22" count="4" type="cond" truecount="2" falsecount="0"/>
        <line num="23" count="1" type="stmt"/>
        <line num="26" count="4" type="stmt"/>
        <line num="27" count="4" type="cond" truecount="4" falsecount="0"/>
        <line num="28" count="1" type="stmt"/>
        <line num="31" count="4" type="stmt"/>
        <line num="32" count="4" type="cond" truecount="3" falsecount="1"/>
        <line num="33" count="0" type="stmt"/>
        <line num="36" count="4" type="stmt"/>
        <line num="37" count="4" type="stmt"/>
        <line num="40" count="42" type="stmt"/>
        <line num="41" count="4" type="stmt"/>
        <line num="42" count="4" type="cond" truecount="2" falsecount="0"/>
        <line num="44" count="2" type="stmt"/>
        <line num="50" count="2" type="cond" truecount="1" falsecount="1"/>
        <line num="51" count="2" type="stmt"/>
        <line num="52" count="2" type="stmt"/>
        <line num="53" count="2" type="stmt"/>
        <line num="54" count="2" type="stmt"/>
        <line num="58" count="42" type="stmt"/>
        <line num="67" count="12" type="stmt"/>
        <line num="88" count="6" type="stmt"/>
        <line num="109" count="8" type="stmt"/>
      </file>
      <file name="EmployeeDropdown.jsx" path="/Users/kcoffie/qap/dog-boarding/src/components/EmployeeDropdown.jsx">
        <metrics statements="11" coveredstatements="10" conditionals="6" coveredconditionals="3" methods="6" coveredmethods="5"/>
        <line num="4" count="49" type="stmt"/>
        <line num="6" count="49" type="stmt"/>
        <line num="9" count="98" type="cond" truecount="1" falsecount="1"/>
        <line num="10" count="98" type="cond" truecount="1" falsecount="1"/>
        <line num="12" count="49" type="stmt"/>
        <line num="13" count="0" type="stmt"/>
        <line num="17" count="49" type="stmt"/>
        <line num="18" count="98" type="cond" truecount="1" falsecount="1"/>
        <line num="21" count="49" type="stmt"/>
        <line num="30" count="98" type="stmt"/>
        <line num="31" count="98" type="stmt"/>
      </file>
      <file name="EmployeeTotals.jsx" path="/Users/kcoffie/qap/dog-boarding/src/components/EmployeeTotals.jsx">
        <metrics statements="61" coveredstatements="60" conditionals="32" coveredconditionals="27" methods="11" coveredmethods="11"/>
        <line num="5" count="9" type="stmt"/>
        <line num="8" count="9" type="stmt"/>
        <line num="9" count="10" type="stmt"/>
        <line num="12" count="8" type="cond" truecount="1" falsecount="1"/>
        <line num="13" count="8" type="cond" truecount="1" falsecount="1"/>
        <line num="16" count="9" type="stmt"/>
        <line num="18" count="9" type="stmt"/>
        <line num="19" count="12" type="stmt"/>
        <line num="20" count="12" type="stmt"/>
        <line num="21" count="48" type="stmt"/>
        <line num="22" count="24" type="stmt"/>
        <line num="23" count="24" type="cond" truecount="2" falsecount="0"/>
        <line num="24" count="18" type="stmt"/>
        <line num="25" count="18" type="stmt"/>
        <line num="29" count="12" type="stmt"/>
        <line num="30" count="12" type="stmt"/>
        <line num="34" count="9" type="stmt"/>
        <line num="35" count="7" type="stmt"/>
        <line num="36" count="7" type="stmt"/>
        <line num="40" count="9" type="stmt"/>
        <line num="41" count="8" type="cond" truecount="1" falsecount="1"/>
        <line num="44" count="8" type="stmt"/>
        <line num="45" count="8" type="stmt"/>
        <line num="46" count="8" type="stmt"/>
        <line num="47" count="8" type="stmt"/>
        <line num="49" count="8" type="stmt"/>
        <line num="50" count="4" type="stmt"/>
        <line num="51" count="4" type="stmt"/>
        <line num="52" count="4" type="stmt"/>
        <line num="54" count="4" type="cond" truecount="2" falsecount="0"/>
        <line num="56" count="3" type="stmt"/>
        <line num="59" count="1" type="stmt"/>
        <line num="60" count="1" type="stmt"/>
        <line num="61" count="1" type="stmt"/>
        <line num="65" count="8" type="stmt"/>
        <line num="68" count="8" type="stmt"/>
        <line num="69" count="9" type="stmt"/>
        <line num="70" count="9" type="stmt"/>
        <line num="72" count="9" type="cond" truecount="2" falsecount="0"/>
        <line num="73" count="7" type="stmt"/>
        <line num="77" count="2" type="cond" truecount="1" falsecount="1"/>
        <line num="78" count="2" type="stmt"/>
        <line num="82" count="0" type="stmt"/>
        <line num="87" count="9" type="stmt"/>
        <line num="89" count="9" type="stmt"/>
        <line num="90" count="55" type="stmt"/>
        <line num="91" count="36" type="cond" truecount="5" falsecount="0"/>
        <line num="92" count="12" type="stmt"/>
        <line num="93" count="12" type="cond" truecount="2" falsecount="0"/>
        <line num="94" count="8" type="stmt"/>
        <line num="96" count="12" type="stmt"/>
        <line num="97" count="12" type="stmt"/>
        <line num="98" count="12" type="stmt"/>
        <line num="102" count="9" type="stmt"/>
        <line num="104" count="9" type="cond" truecount="2" falsecount="0"/>
        <line num="105" count="3" type="stmt"/>
        <line num="108" count="6" type="stmt"/>
        <line num="109" count="8" type="stmt"/>
        <line num="117" count="6" type="stmt"/>
        <line num="129" count="8" type="stmt"/>
        <line num="130" count="8" type="stmt"/>
      </file>
      <file name="SummaryCards.jsx" path="/Users/kcoffie/qap/dog-boarding/src/components/SummaryCards.jsx">
        <metrics statements="33" coveredstatements="33" conditionals="17" coveredconditionals="17" methods="15" coveredmethods="15"/>
        <line num="5" count="7" type="stmt"/>
        <line num="7" count="7" type="stmt"/>
        <line num="8" count="7" type="stmt"/>
        <line num="11" count="7" type="stmt"/>
        <line num="12" count="24" type="stmt"/>
        <line num="13" count="15" type="stmt"/>
        <line num="17" count="7" type="stmt"/>
        <line num="18" count="28" type="stmt"/>
        <line num="19" count="28" type="stmt"/>
        <line num="20" count="96" type="stmt"/>
        <line num="21" count="60" type="stmt"/>
        <line num="22" count="48" type="cond" truecount="2" falsecount="0"/>
        <line num="23" count="24" type="stmt"/>
        <line num="24" count="24" type="stmt"/>
        <line num="28" count="28" type="stmt"/>
        <line num="32" count="7" type="stmt"/>
        <line num="33" count="33" type="cond" truecount="3" falsecount="0"/>
        <line num="37" count="7" type="stmt"/>
        <line num="39" count="30" type="stmt"/>
        <line num="40" count="28" type="cond" truecount="2" falsecount="0"/>
        <line num="42" count="23" type="stmt"/>
        <line num="43" count="60" type="stmt"/>
        <line num="44" count="42" type="cond" truecount="2" falsecount="0"/>
        <line num="45" count="13" type="stmt"/>
        <line num="48" count="10" type="stmt"/>
        <line num="52" count="15" type="stmt"/>
        <line num="54" count="7" type="stmt"/>
        <line num="55" count="7" type="stmt"/>
        <line num="63" count="7" type="stmt"/>
        <line num="112" count="7" type="stmt"/>
        <line num="140" count="7" type="stmt"/>
        <line num="143" count="28" type="stmt"/>
        <line num="144" count="28" type="stmt"/>
      </file>
    </package>
    <package name="context">
      <metrics statements="114" coveredstatements="55" conditionals="53" coveredconditionals="19" methods="47" coveredmethods="12"/>
      <file name="DataContext.jsx" path="/Users/kcoffie/qap/dog-boarding/src/context/DataContext.jsx">
        <metrics statements="114" coveredstatements="55" conditionals="53" coveredconditionals="19" methods="47" coveredmethods="12"/>
        <line num="5" count="4" type="stmt"/>
        <line num="7" count="4" type="stmt"/>
        <line num="14" count="36" type="stmt"/>
        <line num="15" count="36" type="stmt"/>
        <line num="16" count="36" type="stmt"/>
        <line num="17" count="36" type="stmt"/>
        <line num="20" count="36" type="stmt"/>
        <line num="21" count="0" type="stmt"/>
        <line num="26" count="0" type="stmt"/>
        <line num="27" count="0" type="stmt"/>
        <line num="28" count="0" type="stmt"/>
        <line num="31" count="36" type="stmt"/>
        <line num="32" count="0" type="stmt"/>
        <line num="33" count="0" type="cond" truecount="0" falsecount="2"/>
        <line num="34" count="0" type="stmt"/>
        <line num="37" count="36" type="stmt"/>
        <line num="38" count="0" type="stmt"/>
        <line num="39" count="0" type="stmt"/>
        <line num="40" count="0" type="stmt"/>
        <line num="41" count="0" type="stmt"/>
        <line num="44" count="36" type="stmt"/>
        <line num="45" count="0" type="stmt"/>
        <line num="46" count="0" type="stmt"/>
        <line num="47" count="0" type="stmt"/>
        <line num="48" count="0" type="cond" truecount="0" falsecount="2"/>
        <line num="50" count="0" type="cond" truecount="0" falsecount="2"/>
        <line num="53" count="36" type="stmt"/>
        <line num="54" count="0" type="stmt"/>
        <line num="59" count="0" type="stmt"/>
        <line num="60" count="0" type="stmt"/>
        <line num="64" count="36" type="stmt"/>
        <line num="65" count="0" type="stmt"/>
        <line num="69" count="0" type="stmt"/>
        <line num="70" count="0" type="stmt"/>
        <line num="71" count="0" type="cond" truecount="0" falsecount="2"/>
        <line num="72" count="0" type="stmt"/>
        <line num="75" count="36" type="stmt"/>
        <line num="76" count="0" type="stmt"/>
        <line num="77" count="0" type="stmt"/>
        <line num="78" count="0" type="cond" truecount="0" falsecount="2"/>
        <line num="79" count="0" type="cond" truecount="0" falsecount="2"/>
        <line num="82" count="36" type="stmt"/>
        <line num="83" count="0" type="stmt"/>
        <line num="84" count="0" type="stmt"/>
        <line num="85" count="0" type="stmt"/>
        <line num="86" count="0" type="cond" truecount="0" falsecount="2"/>
        <line num="89" count="36" type="stmt"/>
        <line num="90" count="0" type="stmt"/>
        <line num="94" count="0" type="stmt"/>
        <line num="95" count="0" type="stmt"/>
        <line num="99" count="36" type="stmt"/>
        <line num="100" count="0" type="stmt"/>
        <line num="101" count="0" type="cond" truecount="0" falsecount="2"/>
        <line num="102" count="0" type="stmt"/>
        <line num="106" count="36" type="stmt"/>
        <line num="107" count="58" type="cond" truecount="2" falsecount="0"/>
        <line num="108" count="58" type="cond" truecount="2" falsecount="0"/>
        <line num="109" count="50" type="stmt"/>
        <line num="112" count="10" type="stmt"/>
        <line num="113" count="8" type="stmt"/>
        <line num="114" count="12" type="cond" truecount="2" falsecount="0"/>
        <line num="115" count="7" type="stmt"/>
        <line num="119" count="1" type="stmt"/>
        <line num="122" count="36" type="cond" truecount="1" falsecount="0"/>
        <line num="123" count="5" type="cond" truecount="2" falsecount="0"/>
        <line num="125" count="3" type="cond" truecount="1" falsecount="1"/>
        <line num="127" count="3" type="stmt"/>
        <line num="128" count="3" type="stmt"/>
        <line num="129" count="3" type="stmt"/>
        <line num="134" count="3" type="stmt"/>
        <line num="137" count="2" type="stmt"/>
        <line num="142" count="2" type="stmt"/>
        <line num="146" count="36" type="stmt"/>
        <line num="147" count="2" type="cond" truecount="1" falsecount="1"/>
        <line num="148" count="2" type="cond" truecount="2" falsecount="0"/>
        <line num="149" count="1" type="stmt"/>
        <line num="153" count="1" type="stmt"/>
        <line num="157" count="36" type="stmt"/>
        <line num="158" count="0" type="stmt"/>
        <line num="160" count="0" type="cond" truecount="0" falsecount="2"/>
        <line num="162" count="0" type="stmt"/>
        <line num="163" count="0" type="stmt"/>
        <line num="166" count="36" type="stmt"/>
        <line num="167" count="1" type="stmt"/>
        <line num="170" count="1" type="cond" truecount="1" falsecount="1"/>
        <line num="171" count="1" type="cond" truecount="1" falsecount="1"/>
        <line num="172" count="1" type="cond" truecount="1" falsecount="1"/>
        <line num="173" count="1" type="stmt"/>
        <line num="175" count="0" type="cond" truecount="0" falsecount="2"/>
        <line num="180" count="36" type="stmt"/>
        <line num="181" count="0" type="stmt"/>
        <line num="182" count="0" type="stmt"/>
        <line num="183" count="0" type="stmt"/>
        <line num="184" count="0" type="stmt"/>
        <line num="188" count="36" type="stmt"/>
        <line num="189" count="0" type="stmt"/>
        <line num="190" count="0" type="cond" truecount="0" falsecount="2"/>
        <line num="191" count="0" type="cond" truecount="0" falsecount="2"/>
        <line num="192" count="0" type="stmt"/>
        <line num="194" count="0" type="cond" truecount="0" falsecount="2"/>
        <line num="197" count="0" type="stmt"/>
        <line num="199" count="0" type="stmt"/>
        <line num="200" count="0" type="stmt"/>
        <line num="202" count="0" type="cond" truecount="0" falsecount="2"/>
        <line num="203" count="0" type="stmt"/>
        <line num="204" count="0" type="stmt"/>
        <line num="208" count="36" type="stmt"/>
        <line num="209" count="196" type="cond" truecount="2" falsecount="0"/>
        <line num="212" count="36" type="stmt"/>
        <line num="242" count="36" type="stmt"/>
        <line num="246" count="96" type="stmt"/>
        <line num="247" count="96" type="cond" truecount="1" falsecount="1"/>
        <line num="248" count="0" type="stmt"/>
        <line num="250" count="96" type="stmt"/>
      </file>
    </package>
    <package name="utils">
      <metrics statements="111" coveredstatements="98" conditionals="41" coveredconditionals="29" methods="29" coveredmethods="24"/>
      <file name="calculations.js" path="/Users/kcoffie/qap/dog-boarding/src/utils/calculations.js">
        <metrics statements="34" coveredstatements="34" conditionals="12" coveredconditionals="12" methods="8" coveredmethods="8"/>
        <line num="11" count="17" type="stmt"/>
        <line num="12" count="17" type="stmt"/>
        <line num="13" count="128" type="stmt"/>
        <line num="14" count="46" type="stmt"/>
        <line num="15" count="43" type="cond" truecount="2" falsecount="0"/>
        <line num="16" count="30" type="stmt"/>
        <line num="17" count="30" type="stmt"/>
        <line num="21" count="17" type="stmt"/>
        <line num="31" count="16" type="stmt"/>
        <line num="42" count="4" type="stmt"/>
        <line num="43" count="4" type="stmt"/>
        <line num="44" count="27" type="stmt"/>
        <line num="45" count="9" type="stmt"/>
        <line num="46" count="9" type="cond" truecount="2" falsecount="0"/>
        <line num="47" count="4" type="stmt"/>
        <line num="48" count="4" type="stmt"/>
        <line num="52" count="4" type="stmt"/>
        <line num="65" count="5" type="stmt"/>
        <line num="67" count="5" type="stmt"/>
        <line num="68" count="23" type="stmt"/>
        <line num="69" count="15" type="cond" truecount="4" falsecount="0"/>
        <line num="70" count="11" type="stmt"/>
        <line num="71" count="11" type="stmt"/>
        <line num="73" count="11" type="cond" truecount="2" falsecount="0"/>
        <line num="74" count="7" type="stmt"/>
        <line num="76" count="11" type="stmt"/>
        <line num="77" count="11" type="stmt"/>
        <line num="78" count="11" type="stmt"/>
        <line num="82" count="5" type="stmt"/>
        <line num="93" count="3" type="stmt"/>
        <line num="94" count="3" type="stmt"/>
        <line num="95" count="7" type="cond" truecount="2" falsecount="0"/>
        <line num="96" count="4" type="stmt"/>
        <line num="99" count="3" type="stmt"/>
      </file>
      <file name="dateUtils.js" path="/Users/kcoffie/qap/dog-boarding/src/utils/dateUtils.js">
        <metrics statements="55" coveredstatements="55" conditionals="17" coveredconditionals="14" methods="14" coveredmethods="14"/>
        <line num="3" count="61" type="cond" truecount="2" falsecount="0"/>
        <line num="4" count="58" type="stmt"/>
        <line num="6" count="59" type="stmt"/>
        <line num="12" count="2" type="stmt"/>
        <line num="13" count="2" type="stmt"/>
        <line num="22" count="2" type="stmt"/>
        <line num="23" count="2" type="stmt"/>
        <line num="31" count="1" type="stmt"/>
        <line num="36" count="3" type="stmt"/>
        <line num="37" count="3" type="stmt"/>
        <line num="42" count="3" type="stmt"/>
        <line num="43" count="3" type="stmt"/>
        <line num="48" count="5" type="stmt"/>
        <line num="53" count="4" type="stmt"/>
        <line num="54" count="4" type="stmt"/>
        <line num="57" count="4" type="stmt"/>
        <line num="58" count="4" type="stmt"/>
        <line num="61" count="4" type="stmt"/>
        <line num="64" count="4" type="stmt"/>
        <line num="65" count="4" type="stmt"/>
        <line num="66" count="4" type="cond" truecount="1" falsecount="2"/>
        <line num="73" count="4" type="stmt"/>
        <line num="79" count="720" type="stmt"/>
        <line num="80" count="720" type="stmt"/>
        <line num="81" count="720" type="stmt"/>
        <line num="84" count="720" type="stmt"/>
        <line num="85" count="720" type="stmt"/>
        <line num="86" count="720" type="stmt"/>
        <line num="93" count="720" type="cond" truecount="2" falsecount="0"/>
        <line num="99" count="65" type="stmt"/>
        <line num="100" count="65" type="stmt"/>
        <line num="101" count="65" type="stmt"/>
        <line num="104" count="65" type="stmt"/>
        <line num="105" count="65" type="stmt"/>
        <line num="106" count="65" type="stmt"/>
        <line num="113" count="65" type="cond" truecount="4" falsecount="0"/>
        <line num="114" count="23" type="stmt"/>
        <line num="118" count="42" type="cond" truecount="2" falsecount="0"/>
        <line num="119" count="18" type="stmt"/>
        <line num="120" count="18" type="stmt"/>
        <line num="124" count="24" type="cond" truecount="2" falsecount="0"/>
        <line num="125" count="8" type="stmt"/>
        <line num="129" count="16" type="stmt"/>
        <line num="134" count="28" type="stmt"/>
        <line num="137" count="28" type="cond" truecount="1" falsecount="1"/>
        <line num="140" count="28" type="stmt"/>
        <line num="142" count="28" type="stmt"/>
        <line num="143" count="145" type="stmt"/>
        <line num="144" count="145" type="stmt"/>
        <line num="145" count="145" type="stmt"/>
        <line num="148" count="28" type="stmt"/>
        <line num="153" count="99" type="stmt"/>
        <line num="154" count="99" type="stmt"/>
        <line num="162" count="100" type="stmt"/>
        <line num="163" count="100" type="stmt"/>
      </file>
      <file name="logger.js" path="/Users/kcoffie/qap/dog-boarding/src/utils/logger.js">
        <metrics statements="22" coveredstatements="9" conditionals="12" coveredconditionals="3" methods="7" coveredmethods="2"/>
        <line num="1" count="4" type="stmt"/>
        <line num="3" count="4" type="stmt"/>
        <line num="4" count="6" type="cond" truecount="1" falsecount="1"/>
        <line num="5" count="0" type="stmt"/>
        <line num="6" count="0" type="stmt"/>
        <line num="8" count="0" type="stmt"/>
        <line num="12" count="4" type="stmt"/>
        <line num="19" count="4" type="stmt"/>
        <line num="21" count="0" type="stmt"/>
        <line num="22" count="0" type="stmt"/>
        <line num="26" count="0" type="stmt"/>
        <line num="27" count="0" type="stmt"/>
        <line num="31" count="0" type="cond" truecount="0" falsecount="2"/>
        <line num="32" count="0" type="stmt"/>
        <line num="36" count="0" type="cond" truecount="0" falsecount="2"/>
        <line num="37" count="0" type="stmt"/>
        <line num="41" count="6" type="cond" truecount="1" falsecount="1"/>
        <line num="42" count="6" type="stmt"/>
        <line num="46" count="0" type="cond" truecount="0" falsecount="2"/>
        <line num="47" count="0" type="stmt"/>
        <line num="52" count="4" type="cond" truecount="1" falsecount="1"/>
        <line num="53" count="4" type="stmt"/>
      </file>
    </package>
  </project>
</coverage>
