{"/Users/kcoffie/qap/dog-boarding/src/components/BoardingForm.jsx": {"path":"/Users/kcoffie/qap/dog-boarding/src/components/BoardingForm.jsx","statementMap":{"0":{"start":{"line":7,"column":15},"end":{"line":7,"column":null}},"1":{"start":{"line":9,"column":24},"end":{"line":9,"column":null}},"2":{"start":{"line":10,"column":36},"end":{"line":10,"column":null}},"3":{"start":{"line":11,"column":36},"end":{"line":11,"column":null}},"4":{"start":{"line":12,"column":40},"end":{"line":12,"column":null}},"5":{"start":{"line":13,"column":40},"end":{"line":13,"column":null}},"6":{"start":{"line":14,"column":26},"end":{"line":14,"column":null}},"7":{"start":{"line":16,"column":20},"end":{"line":16,"column":null}},"8":{"start":{"line":19,"column":21},"end":{"line":24,"column":null}},"9":{"start":{"line":20,"column":21},"end":{"line":20,"column":86}},"10":{"start":{"line":21,"column":19},"end":{"line":24,"column":6}},"11":{"start":{"line":26,"column":22},"end":{"line":26,"column":null}},"12":{"start":{"line":26,"column":47},"end":{"line":26,"column":66}},"13":{"start":{"line":28,"column":2},"end":{"line":36,"column":null}},"14":{"start":{"line":29,"column":4},"end":{"line":35,"column":null}},"15":{"start":{"line":30,"column":6},"end":{"line":30,"column":null}},"16":{"start":{"line":31,"column":6},"end":{"line":31,"column":null}},"17":{"start":{"line":32,"column":6},"end":{"line":32,"column":null}},"18":{"start":{"line":33,"column":6},"end":{"line":33,"column":null}},"19":{"start":{"line":34,"column":6},"end":{"line":34,"column":null}},"20":{"start":{"line":38,"column":19},"end":{"line":64,"column":null}},"21":{"start":{"line":39,"column":22},"end":{"line":39,"column":null}},"22":{"start":{"line":41,"column":4},"end":{"line":43,"column":null}},"23":{"start":{"line":42,"column":6},"end":{"line":42,"column":null}},"24":{"start":{"line":45,"column":4},"end":{"line":47,"column":null}},"25":{"start":{"line":46,"column":6},"end":{"line":46,"column":null}},"26":{"start":{"line":49,"column":4},"end":{"line":51,"column":null}},"27":{"start":{"line":50,"column":6},"end":{"line":50,"column":null}},"28":{"start":{"line":53,"column":4},"end":{"line":60,"column":null}},"29":{"start":{"line":54,"column":22},"end":{"line":54,"column":null}},"30":{"start":{"line":55,"column":24},"end":{"line":55,"column":null}},"31":{"start":{"line":57,"column":6},"end":{"line":59,"column":null}},"32":{"start":{"line":58,"column":8},"end":{"line":58,"column":null}},"33":{"start":{"line":62,"column":4},"end":{"line":62,"column":null}},"34":{"start":{"line":63,"column":4},"end":{"line":63,"column":null}},"35":{"start":{"line":66,"column":23},"end":{"line":84,"column":null}},"36":{"start":{"line":67,"column":4},"end":{"line":67,"column":null}},"37":{"start":{"line":68,"column":4},"end":{"line":68,"column":null}},"38":{"start":{"line":68,"column":21},"end":{"line":68,"column":null}},"39":{"start":{"line":70,"column":4},"end":{"line":74,"column":null}},"40":{"start":{"line":76,"column":4},"end":{"line":83,"column":null}},"41":{"start":{"line":77,"column":6},"end":{"line":77,"column":null}},"42":{"start":{"line":78,"column":6},"end":{"line":78,"column":null}},"43":{"start":{"line":79,"column":6},"end":{"line":79,"column":null}},"44":{"start":{"line":80,"column":6},"end":{"line":80,"column":null}},"45":{"start":{"line":81,"column":6},"end":{"line":81,"column":null}},"46":{"start":{"line":82,"column":6},"end":{"line":82,"column":null}},"47":{"start":{"line":87,"column":23},"end":{"line":111,"column":null}},"48":{"start":{"line":88,"column":31},"end":{"line":98,"column":null}},"49":{"start":{"line":99,"column":28},"end":{"line":102,"column":null}},"50":{"start":{"line":103,"column":30},"end":{"line":110,"column":null}},"51":{"start":{"line":113,"column":2},"end":{"line":207,"column":null}},"52":{"start":{"line":121,"column":32},"end":{"line":121,"column":null}},"53":{"start":{"line":126,"column":34},"end":{"line":126,"column":null}},"54":{"start":{"line":140,"column":29},"end":{"line":140,"column":null}},"55":{"start":{"line":155,"column":29},"end":{"line":155,"column":null}},"56":{"start":{"line":169,"column":29},"end":{"line":169,"column":null}},"57":{"start":{"line":184,"column":29},"end":{"line":184,"column":null}}},"fnMap":{"0":{"name":"BoardingForm","decl":{"start":{"line":6,"column":24},"end":{"line":6,"column":37}},"loc":{"start":{"line":6,"column":87},"end":{"line":209,"column":null}},"line":6},"1":{"name":"(anonymous_1)","decl":{"start":{"line":20,"column":12},"end":{"line":20,"column":13}},"loc":{"start":{"line":20,"column":21},"end":{"line":20,"column":86}},"line":20},"2":{"name":"(anonymous_2)","decl":{"start":{"line":21,"column":9},"end":{"line":21,"column":10}},"loc":{"start":{"line":21,"column":19},"end":{"line":24,"column":6}},"line":21},"3":{"name":"(anonymous_3)","decl":{"start":{"line":26,"column":38},"end":{"line":26,"column":39}},"loc":{"start":{"line":26,"column":47},"end":{"line":26,"column":66}},"line":26},"4":{"name":"(anonymous_4)","decl":{"start":{"line":28,"column":12},"end":{"line":28,"column":18}},"loc":{"start":{"line":28,"column":18},"end":{"line":36,"column":5}},"line":28},"5":{"name":"(anonymous_5)","decl":{"start":{"line":38,"column":19},"end":{"line":38,"column":25}},"loc":{"start":{"line":38,"column":25},"end":{"line":64,"column":null}},"line":38},"6":{"name":"(anonymous_6)","decl":{"start":{"line":66,"column":23},"end":{"line":66,"column":24}},"loc":{"start":{"line":66,"column":30},"end":{"line":84,"column":null}},"line":66},"7":{"name":"(anonymous_7)","decl":{"start":{"line":88,"column":13},"end":{"line":88,"column":14}},"loc":{"start":{"line":88,"column":31},"end":{"line":98,"column":null}},"line":88},"8":{"name":"(anonymous_8)","decl":{"start":{"line":99,"column":17},"end":{"line":99,"column":18}},"loc":{"start":{"line":99,"column":28},"end":{"line":102,"column":null}},"line":99},"9":{"name":"(anonymous_9)","decl":{"start":{"line":103,"column":12},"end":{"line":103,"column":13}},"loc":{"start":{"line":103,"column":30},"end":{"line":110,"column":null}},"line":103},"10":{"name":"(anonymous_10)","decl":{"start":{"line":121,"column":20},"end":{"line":121,"column":21}},"loc":{"start":{"line":121,"column":32},"end":{"line":121,"column":null}},"line":121},"11":{"name":"(anonymous_11)","decl":{"start":{"line":126,"column":28},"end":{"line":126,"column":34}},"loc":{"start":{"line":126,"column":34},"end":{"line":126,"column":null}},"line":126},"12":{"name":"(anonymous_12)","decl":{"start":{"line":140,"column":22},"end":{"line":140,"column":23}},"loc":{"start":{"line":140,"column":29},"end":{"line":140,"column":null}},"line":140},"13":{"name":"(anonymous_13)","decl":{"start":{"line":155,"column":22},"end":{"line":155,"column":23}},"loc":{"start":{"line":155,"column":29},"end":{"line":155,"column":null}},"line":155},"14":{"name":"(anonymous_14)","decl":{"start":{"line":169,"column":22},"end":{"line":169,"column":23}},"loc":{"start":{"line":169,"column":29},"end":{"line":169,"column":null}},"line":169},"15":{"name":"(anonymous_15)","decl":{"start":{"line":184,"column":22},"end":{"line":184,"column":23}},"loc":{"start":{"line":184,"column":29},"end":{"line":184,"column":null}},"line":184}},"branchMap":{"0":{"loc":{"start":{"line":9,"column":37},"end":{"line":9,"column":59}},"type":"binary-expr","locations":[{"start":{"line":9,"column":37},"end":{"line":9,"column":57}},{"start":{"line":9,"column":57},"end":{"line":9,"column":59}}],"line":9},"1":{"loc":{"start":{"line":20,"column":21},"end":{"line":20,"column":86}},"type":"binary-expr","locations":[{"start":{"line":20,"column":21},"end":{"line":20,"column":46}},{"start":{"line":20,"column":46},"end":{"line":20,"column":59}},{"start":{"line":20,"column":59},"end":{"line":20,"column":86}}],"line":20},"2":{"loc":{"start":{"line":26,"column":22},"end":{"line":26,"column":null}},"type":"binary-expr","locations":[{"start":{"line":26,"column":22},"end":{"line":26,"column":71}},{"start":{"line":26,"column":71},"end":{"line":26,"column":null}}],"line":26},"3":{"loc":{"start":{"line":29,"column":4},"end":{"line":35,"column":null}},"type":"if","locations":[{"start":{"line":29,"column":4},"end":{"line":35,"column":null}},{"start":{},"end":{}}],"line":29},"4":{"loc":{"start":{"line":41,"column":4},"end":{"line":43,"column":null}},"type":"if","locations":[{"start":{"line":41,"column":4},"end":{"line":43,"column":null}},{"start":{},"end":{}}],"line":41},"5":{"loc":{"start":{"line":45,"column":4},"end":{"line":47,"column":null}},"type":"if","locations":[{"start":{"line":45,"column":4},"end":{"line":47,"column":null}},{"start":{},"end":{}}],"line":45},"6":{"loc":{"start":{"line":49,"column":4},"end":{"line":51,"column":null}},"type":"if","locations":[{"start":{"line":49,"column":4},"end":{"line":51,"column":null}},{"start":{},"end":{}}],"line":49},"7":{"loc":{"start":{"line":53,"column":4},"end":{"line":60,"column":null}},"type":"if","locations":[{"start":{"line":53,"column":4},"end":{"line":60,"column":null}},{"start":{},"end":{}}],"line":53},"8":{"loc":{"start":{"line":53,"column":8},"end":{"line":53,"column":70}},"type":"binary-expr","locations":[{"start":{"line":53,"column":8},"end":{"line":53,"column":23}},{"start":{"line":53,"column":23},"end":{"line":53,"column":40}},{"start":{"line":53,"column":40},"end":{"line":53,"column":55}},{"start":{"line":53,"column":55},"end":{"line":53,"column":70}}],"line":53},"9":{"loc":{"start":{"line":57,"column":6},"end":{"line":59,"column":null}},"type":"if","locations":[{"start":{"line":57,"column":6},"end":{"line":59,"column":null}},{"start":{},"end":{}}],"line":57},"10":{"loc":{"start":{"line":68,"column":4},"end":{"line":68,"column":null}},"type":"if","locations":[{"start":{"line":68,"column":4},"end":{"line":68,"column":null}},{"start":{},"end":{}}],"line":68},"11":{"loc":{"start":{"line":76,"column":4},"end":{"line":83,"column":null}},"type":"if","locations":[{"start":{"line":76,"column":4},"end":{"line":83,"column":null}},{"start":{},"end":{}}],"line":76},"12":{"loc":{"start":{"line":92,"column":19},"end":{"line":92,"column":null}},"type":"cond-expr","locations":[{"start":{"line":92,"column":34},"end":{"line":92,"column":46}},{"start":{"line":92,"column":46},"end":{"line":92,"column":null}}],"line":92},"13":{"loc":{"start":{"line":92,"column":46},"end":{"line":92,"column":null}},"type":"cond-expr","locations":[{"start":{"line":92,"column":64},"end":{"line":92,"column":76}},{"start":{"line":92,"column":76},"end":{"line":92,"column":null}}],"line":92},"14":{"loc":{"start":{"line":93,"column":17},"end":{"line":93,"column":null}},"type":"cond-expr","locations":[{"start":{"line":93,"column":35},"end":{"line":93,"column":73}},{"start":{"line":93,"column":73},"end":{"line":93,"column":null}}],"line":93},"15":{"loc":{"start":{"line":95,"column":21},"end":{"line":95,"column":null}},"type":"cond-expr","locations":[{"start":{"line":95,"column":36},"end":{"line":95,"column":48}},{"start":{"line":95,"column":48},"end":{"line":95,"column":null}}],"line":95},"16":{"loc":{"start":{"line":97,"column":23},"end":{"line":97,"column":null}},"type":"cond-expr","locations":[{"start":{"line":97,"column":35},"end":{"line":97,"column":47}},{"start":{"line":97,"column":47},"end":{"line":97,"column":null}}],"line":97},"17":{"loc":{"start":{"line":105,"column":23},"end":{"line":105,"column":null}},"type":"cond-expr","locations":[{"start":{"line":105,"column":42},"end":{"line":105,"column":54}},{"start":{"line":105,"column":54},"end":{"line":105,"column":null}}],"line":105},"18":{"loc":{"start":{"line":105,"column":54},"end":{"line":105,"column":null}},"type":"cond-expr","locations":[{"start":{"line":105,"column":72},"end":{"line":105,"column":84}},{"start":{"line":105,"column":84},"end":{"line":105,"column":null}}],"line":105},"19":{"loc":{"start":{"line":106,"column":13},"end":{"line":106,"column":null}},"type":"cond-expr","locations":[{"start":{"line":106,"column":32},"end":{"line":106,"column":42}},{"start":{"line":106,"column":42},"end":{"line":106,"column":null}}],"line":106},"20":{"loc":{"start":{"line":121,"column":41},"end":{"line":121,"column":60}},"type":"binary-expr","locations":[{"start":{"line":121,"column":41},"end":{"line":121,"column":58}},{"start":{"line":121,"column":58},"end":{"line":121,"column":60}}],"line":121},"21":{"loc":{"start":{"line":129,"column":9},"end":{"line":129,"column":null}},"type":"binary-expr","locations":[{"start":{"line":129,"column":9},"end":{"line":129,"column":25}},{"start":{"line":129,"column":25},"end":{"line":129,"column":null}}],"line":129},"22":{"loc":{"start":{"line":142,"column":14},"end":{"line":142,"column":null}},"type":"cond-expr","locations":[{"start":{"line":142,"column":35},"end":{"line":142,"column":54}},{"start":{"line":142,"column":54},"end":{"line":142,"column":null}}],"line":142},"23":{"loc":{"start":{"line":145,"column":11},"end":{"line":145,"column":null}},"type":"binary-expr","locations":[{"start":{"line":145,"column":11},"end":{"line":145,"column":33}},{"start":{"line":145,"column":33},"end":{"line":145,"column":null}}],"line":145},"24":{"loc":{"start":{"line":171,"column":14},"end":{"line":171,"column":null}},"type":"cond-expr","locations":[{"start":{"line":171,"column":37},"end":{"line":171,"column":56}},{"start":{"line":171,"column":56},"end":{"line":171,"column":null}}],"line":171},"25":{"loc":{"start":{"line":174,"column":11},"end":{"line":174,"column":null}},"type":"binary-expr","locations":[{"start":{"line":174,"column":11},"end":{"line":174,"column":35}},{"start":{"line":174,"column":35},"end":{"line":174,"column":null}}],"line":174},"26":{"loc":{"start":{"line":191,"column":9},"end":{"line":198,"column":null}},"type":"binary-expr","locations":[{"start":{"line":191,"column":9},"end":{"line":191,"column":null}},{"start":{"line":192,"column":10},"end":{"line":198,"column":null}}],"line":191},"27":{"loc":{"start":{"line":204,"column":11},"end":{"line":204,"column":null}},"type":"cond-expr","locations":[{"start":{"line":204,"column":23},"end":{"line":204,"column":40}},{"start":{"line":204,"column":40},"end":{"line":204,"column":null}}],"line":204}},"s":{"0":20,"1":20,"2":20,"3":20,"4":20,"5":20,"6":20,"7":20,"8":20,"9":40,"10":40,"11":20,"12":39,"13":20,"14":9,"15":1,"16":1,"17":1,"18":1,"19":1,"20":20,"21":4,"22":4,"23":4,"24":4,"25":1,"26":4,"27":1,"28":4,"29":2,"30":2,"31":2,"32":1,"33":4,"34":4,"35":20,"36":4,"37":4,"38":4,"39":0,"40":0,"41":0,"42":0,"43":0,"44":0,"45":0,"46":0,"47":20,"48":20,"49":19,"50":0,"51":20,"52":0,"53":0,"54":3,"55":0,"56":3,"57":0},"f":{"0":20,"1":40,"2":40,"3":39,"4":9,"5":4,"6":4,"7":20,"8":19,"9":0,"10":0,"11":0,"12":3,"13":0,"14":3,"15":0},"b":{"0":[20,20],"1":[40,0,0],"2":[20,19],"3":[1,8],"4":[4,0],"5":[1,3],"6":[1,3],"7":[2,2],"8":[4,3,2,2],"9":[1,1],"10":[4,0],"11":[0,0],"12":[4,16],"13":[0,16],"14":[0,20],"15":[4,16],"16":[2,18],"17":[0,0],"18":[0,0],"19":[0,0],"20":[0,0],"21":[20,4],"22":[1,19],"23":[20,1],"24":[2,18],"25":[20,2],"26":[20,1],"27":[2,18]},"meta":{"lastBranch":28,"lastFunction":16,"lastStatement":58,"seen":{"f:6:24:6:37":0,"s:7:15:7:Infinity":0,"s:9:24:9:Infinity":1,"b:9:37:9:57:9:57:9:59":0,"s:10:36:10:Infinity":2,"s:11:36:11:Infinity":3,"s:12:40:12:Infinity":4,"s:13:40:13:Infinity":5,"s:14:26:14:Infinity":6,"s:16:20:16:Infinity":7,"s:19:21:24:Infinity":8,"f:20:12:20:13":1,"s:20:21:20:86":9,"b:20:21:20:46:20:46:20:59:20:59:20:86":1,"f:21:9:21:10":2,"s:21:19:24:6":10,"s:26:22:26:Infinity":11,"b:26:22:26:71:26:71:26:Infinity":2,"f:26:38:26:39":3,"s:26:47:26:66":12,"s:28:2:36:Infinity":13,"f:28:12:28:18":4,"b:29:4:35:Infinity:undefined:undefined:undefined:undefined":3,"s:29:4:35:Infinity":14,"s:30:6:30:Infinity":15,"s:31:6:31:Infinity":16,"s:32:6:32:Infinity":17,"s:33:6:33:Infinity":18,"s:34:6:34:Infinity":19,"s:38:19:64:Infinity":20,"f:38:19:38:25":5,"s:39:22:39:Infinity":21,"b:41:4:43:Infinity:undefined:undefined:undefined:undefined":4,"s:41:4:43:Infinity":22,"s:42:6:42:Infinity":23,"b:45:4:47:Infinity:undefined:undefined:undefined:undefined":5,"s:45:4:47:Infinity":24,"s:46:6:46:Infinity":25,"b:49:4:51:Infinity:undefined:undefined:undefined:undefined":6,"s:49:4:51:Infinity":26,"s:50:6:50:Infinity":27,"b:53:4:60:Infinity:undefined:undefined:undefined:undefined":7,"s:53:4:60:Infinity":28,"b:53:8:53:23:53:23:53:40:53:40:53:55:53:55:53:70":8,"s:54:22:54:Infinity":29,"s:55:24:55:Infinity":30,"b:57:6:59:Infinity:undefined:undefined:undefined:undefined":9,"s:57:6:59:Infinity":31,"s:58:8:58:Infinity":32,"s:62:4:62:Infinity":33,"s:63:4:63:Infinity":34,"s:66:23:84:Infinity":35,"f:66:23:66:24":6,"s:67:4:67:Infinity":36,"b:68:4:68:Infinity:undefined:undefined:undefined:undefined":10,"s:68:4:68:Infinity":37,"s:68:21:68:Infinity":38,"s:70:4:74:Infinity":39,"b:76:4:83:Infinity:undefined:undefined:undefined:undefined":11,"s:76:4:83:Infinity":40,"s:77:6:77:Infinity":41,"s:78:6:78:Infinity":42,"s:79:6:79:Infinity":43,"s:80:6:80:Infinity":44,"s:81:6:81:Infinity":45,"s:82:6:82:Infinity":46,"s:87:23:111:Infinity":47,"f:88:13:88:14":7,"s:88:31:98:Infinity":48,"b:92:34:92:46:92:46:92:Infinity":12,"b:92:64:92:76:92:76:92:Infinity":13,"b:93:35:93:73:93:73:93:Infinity":14,"b:95:36:95:48:95:48:95:Infinity":15,"b:97:35:97:47:97:47:97:Infinity":16,"f:99:17:99:18":8,"s:99:28:102:Infinity":49,"f:103:12:103:13":9,"s:103:30:110:Infinity":50,"b:105:42:105:54:105:54:105:Infinity":17,"b:105:72:105:84:105:84:105:Infinity":18,"b:106:32:106:42:106:42:106:Infinity":19,"s:113:2:207:Infinity":51,"f:121:20:121:21":10,"s:121:32:121:Infinity":52,"b:121:41:121:58:121:58:121:60":20,"f:126:28:126:34":11,"s:126:34:126:Infinity":53,"b:129:9:129:25:129:25:129:Infinity":21,"f:140:22:140:23":12,"s:140:29:140:Infinity":54,"b:142:35:142:54:142:54:142:Infinity":22,"b:145:11:145:33:145:33:145:Infinity":23,"f:155:22:155:23":13,"s:155:29:155:Infinity":55,"f:169:22:169:23":14,"s:169:29:169:Infinity":56,"b:171:37:171:56:171:56:171:Infinity":24,"b:174:11:174:35:174:35:174:Infinity":25,"f:184:22:184:23":15,"s:184:29:184:Infinity":57,"b:191:9:191:Infinity:192:10:198:Infinity":26,"b:204:23:204:40:204:40:204:Infinity":27}}}
,"/Users/kcoffie/qap/dog-boarding/src/components/BoardingMatrix.jsx": {"path":"/Users/kcoffie/qap/dog-boarding/src/components/BoardingMatrix.jsx","statementMap":{"0":{"start":{"line":7,"column":81},"end":{"line":7,"column":null}},"1":{"start":{"line":8,"column":40},"end":{"line":8,"column":null}},"2":{"start":{"line":10,"column":8},"end":{"line":10,"column":null}},"3":{"start":{"line":12,"column":21},"end":{"line":14,"column":null}},"4":{"start":{"line":13,"column":4},"end":{"line":13,"column":null}},"5":{"start":{"line":16,"column":20},"end":{"line":20,"column":null}},"6":{"start":{"line":17,"column":17},"end":{"line":17,"column":null}},"7":{"start":{"line":18,"column":16},"end":{"line":18,"column":null}},"8":{"start":{"line":19,"column":4},"end":{"line":19,"column":null}},"9":{"start":{"line":22,"column":33},"end":{"line":29,"column":null}},"10":{"start":{"line":24,"column":4},"end":{"line":24,"column":null}},"11":{"start":{"line":24,"column":41},"end":{"line":24,"column":null}},"12":{"start":{"line":25,"column":27},"end":{"line":25,"column":null}},"13":{"start":{"line":26,"column":4},"end":{"line":26,"column":null}},"14":{"start":{"line":26,"column":30},"end":{"line":26,"column":null}},"15":{"start":{"line":27,"column":23},"end":{"line":27,"column":null}},"16":{"start":{"line":28,"column":4},"end":{"line":28,"column":null}},"17":{"start":{"line":31,"column":22},"end":{"line":41,"column":null}},"18":{"start":{"line":32,"column":27},"end":{"line":32,"column":null}},"19":{"start":{"line":33,"column":20},"end":{"line":33,"column":null}},"20":{"start":{"line":34,"column":4},"end":{"line":36,"column":null}},"21":{"start":{"line":35,"column":6},"end":{"line":35,"column":null}},"22":{"start":{"line":37,"column":4},"end":{"line":39,"column":null}},"23":{"start":{"line":38,"column":6},"end":{"line":38,"column":null}},"24":{"start":{"line":40,"column":4},"end":{"line":40,"column":null}},"25":{"start":{"line":43,"column":28},"end":{"line":48,"column":null}},"26":{"start":{"line":44,"column":27},"end":{"line":44,"column":null}},"27":{"start":{"line":45,"column":4},"end":{"line":45,"column":null}},"28":{"start":{"line":45,"column":24},"end":{"line":45,"column":null}},"29":{"start":{"line":46,"column":4},"end":{"line":46,"column":null}},"30":{"start":{"line":46,"column":28},"end":{"line":46,"column":null}},"31":{"start":{"line":47,"column":4},"end":{"line":47,"column":null}},"32":{"start":{"line":50,"column":25},"end":{"line":57,"column":null}},"33":{"start":{"line":51,"column":4},"end":{"line":56,"column":null}},"34":{"start":{"line":59,"column":31},"end":{"line":84,"column":null}},"35":{"start":{"line":60,"column":25},"end":{"line":60,"column":null}},"36":{"start":{"line":60,"column":47},"end":{"line":60,"column":65}},"37":{"start":{"line":62,"column":16},"end":{"line":62,"column":null}},"38":{"start":{"line":63,"column":18},"end":{"line":63,"column":null}},"39":{"start":{"line":65,"column":4},"end":{"line":72,"column":null}},"40":{"start":{"line":66,"column":6},"end":{"line":68,"column":null}},"41":{"start":{"line":67,"column":8},"end":{"line":67,"column":null}},"42":{"start":{"line":69,"column":6},"end":{"line":71,"column":null}},"43":{"start":{"line":70,"column":8},"end":{"line":70,"column":null}},"44":{"start":{"line":74,"column":4},"end":{"line":82,"column":null}},"45":{"start":{"line":75,"column":6},"end":{"line":76,"column":null}},"46":{"start":{"line":78,"column":4},"end":{"line":82,"column":null}},"47":{"start":{"line":79,"column":6},"end":{"line":80,"column":null}},"48":{"start":{"line":83,"column":4},"end":{"line":83,"column":null}},"49":{"start":{"line":86,"column":28},"end":{"line":98,"column":null}},"50":{"start":{"line":87,"column":16},"end":{"line":87,"column":null}},"51":{"start":{"line":88,"column":4},"end":{"line":96,"column":null}},"52":{"start":{"line":89,"column":27},"end":{"line":89,"column":null}},"53":{"start":{"line":89,"column":49},"end":{"line":89,"column":67}},"54":{"start":{"line":90,"column":6},"end":{"line":95,"column":null}},"55":{"start":{"line":91,"column":8},"end":{"line":94,"column":null}},"56":{"start":{"line":92,"column":10},"end":{"line":92,"column":null}},"57":{"start":{"line":93,"column":10},"end":{"line":93,"column":null}},"58":{"start":{"line":97,"column":4},"end":{"line":97,"column":null}},"59":{"start":{"line":100,"column":26},"end":{"line":104,"column":null}},"60":{"start":{"line":101,"column":18},"end":{"line":101,"column":null}},"61":{"start":{"line":102,"column":23},"end":{"line":102,"column":null}},"62":{"start":{"line":103,"column":4},"end":{"line":103,"column":null}},"63":{"start":{"line":106,"column":29},"end":{"line":118,"column":null}},"64":{"start":{"line":107,"column":16},"end":{"line":107,"column":null}},"65":{"start":{"line":108,"column":4},"end":{"line":116,"column":null}},"66":{"start":{"line":109,"column":27},"end":{"line":109,"column":null}},"67":{"start":{"line":109,"column":49},"end":{"line":109,"column":67}},"68":{"start":{"line":110,"column":6},"end":{"line":115,"column":null}},"69":{"start":{"line":111,"column":8},"end":{"line":114,"column":null}},"70":{"start":{"line":112,"column":10},"end":{"line":112,"column":null}},"71":{"start":{"line":113,"column":10},"end":{"line":113,"column":null}},"72":{"start":{"line":117,"column":4},"end":{"line":117,"column":null}},"73":{"start":{"line":120,"column":32},"end":{"line":130,"column":null}},"74":{"start":{"line":121,"column":25},"end":{"line":121,"column":null}},"75":{"start":{"line":121,"column":47},"end":{"line":121,"column":65}},"76":{"start":{"line":122,"column":4},"end":{"line":128,"column":null}},"77":{"start":{"line":123,"column":6},"end":{"line":127,"column":null}},"78":{"start":{"line":124,"column":8},"end":{"line":126,"column":null}},"79":{"start":{"line":125,"column":10},"end":{"line":125,"column":null}},"80":{"start":{"line":129,"column":4},"end":{"line":129,"column":null}},"81":{"start":{"line":132,"column":28},"end":{"line":139,"column":null}},"82":{"start":{"line":135,"column":12},"end":{"line":135,"column":null}},"83":{"start":{"line":136,"column":12},"end":{"line":136,"column":null}},"84":{"start":{"line":137,"column":21},"end":{"line":137,"column":null}},"85":{"start":{"line":138,"column":6},"end":{"line":138,"column":null}},"86":{"start":{"line":141,"column":2},"end":{"line":153,"column":null}},"87":{"start":{"line":142,"column":4},"end":{"line":151,"column":null}},"88":{"start":{"line":155,"column":2},"end":{"line":167,"column":null}},"89":{"start":{"line":156,"column":4},"end":{"line":165,"column":null}},"90":{"start":{"line":169,"column":2},"end":{"line":313,"column":null}},"91":{"start":{"line":189,"column":16},"end":{"line":192,"column":null}},"92":{"start":{"line":198,"column":14},"end":{"line":220,"column":null}},"93":{"start":{"line":216,"column":18},"end":{"line":218,"column":null}},"94":{"start":{"line":231,"column":30},"end":{"line":231,"column":null}},"95":{"start":{"line":232,"column":16},"end":{"line":235,"column":null}},"96":{"start":{"line":246,"column":30},"end":{"line":246,"column":null}},"97":{"start":{"line":247,"column":16},"end":{"line":250,"column":null}},"98":{"start":{"line":261,"column":28},"end":{"line":261,"column":null}},"99":{"start":{"line":262,"column":16},"end":{"line":265,"column":null}},"100":{"start":{"line":277,"column":18},"end":{"line":280,"column":null}},"101":{"start":{"line":292,"column":18},"end":{"line":294,"column":null}}},"fnMap":{"0":{"name":"BoardingMatrix","decl":{"start":{"line":6,"column":24},"end":{"line":6,"column":39}},"loc":{"start":{"line":6,"column":65},"end":{"line":315,"column":null}},"line":6},"1":{"name":"(anonymous_1)","decl":{"start":{"line":12,"column":21},"end":{"line":12,"column":27}},"loc":{"start":{"line":12,"column":27},"end":{"line":14,"column":null}},"line":12},"2":{"name":"(anonymous_2)","decl":{"start":{"line":16,"column":20},"end":{"line":16,"column":21}},"loc":{"start":{"line":16,"column":33},"end":{"line":20,"column":null}},"line":16},"3":{"name":"(anonymous_3)","decl":{"start":{"line":22,"column":33},"end":{"line":22,"column":34}},"loc":{"start":{"line":22,"column":46},"end":{"line":29,"column":null}},"line":22},"4":{"name":"(anonymous_4)","decl":{"start":{"line":31,"column":22},"end":{"line":31,"column":23}},"loc":{"start":{"line":31,"column":53},"end":{"line":41,"column":null}},"line":31},"5":{"name":"(anonymous_5)","decl":{"start":{"line":43,"column":28},"end":{"line":43,"column":29}},"loc":{"start":{"line":43,"column":41},"end":{"line":48,"column":null}},"line":43},"6":{"name":"(anonymous_6)","decl":{"start":{"line":50,"column":25},"end":{"line":50,"column":26}},"loc":{"start":{"line":50,"column":37},"end":{"line":57,"column":null}},"line":50},"7":{"name":"(anonymous_7)","decl":{"start":{"line":59,"column":31},"end":{"line":59,"column":32}},"loc":{"start":{"line":59,"column":49},"end":{"line":84,"column":null}},"line":59},"8":{"name":"(anonymous_8)","decl":{"start":{"line":60,"column":42},"end":{"line":60,"column":47}},"loc":{"start":{"line":60,"column":47},"end":{"line":60,"column":65}},"line":60},"9":{"name":"(anonymous_9)","decl":{"start":{"line":86,"column":28},"end":{"line":86,"column":29}},"loc":{"start":{"line":86,"column":41},"end":{"line":98,"column":null}},"line":86},"10":{"name":"(anonymous_10)","decl":{"start":{"line":89,"column":44},"end":{"line":89,"column":49}},"loc":{"start":{"line":89,"column":49},"end":{"line":89,"column":67}},"line":89},"11":{"name":"(anonymous_11)","decl":{"start":{"line":100,"column":26},"end":{"line":100,"column":27}},"loc":{"start":{"line":100,"column":39},"end":{"line":104,"column":null}},"line":100},"12":{"name":"(anonymous_12)","decl":{"start":{"line":106,"column":29},"end":{"line":106,"column":30}},"loc":{"start":{"line":106,"column":42},"end":{"line":118,"column":null}},"line":106},"13":{"name":"(anonymous_13)","decl":{"start":{"line":109,"column":44},"end":{"line":109,"column":49}},"loc":{"start":{"line":109,"column":49},"end":{"line":109,"column":67}},"line":109},"14":{"name":"(anonymous_14)","decl":{"start":{"line":120,"column":32},"end":{"line":120,"column":33}},"loc":{"start":{"line":120,"column":41},"end":{"line":130,"column":null}},"line":120},"15":{"name":"(anonymous_15)","decl":{"start":{"line":121,"column":42},"end":{"line":121,"column":47}},"loc":{"start":{"line":121,"column":47},"end":{"line":121,"column":65}},"line":121},"16":{"name":"(anonymous_16)","decl":{"start":{"line":134,"column":10},"end":{"line":134,"column":11}},"loc":{"start":{"line":134,"column":20},"end":{"line":139,"column":5}},"line":134},"17":{"name":"(anonymous_17)","decl":{"start":{"line":188,"column":25},"end":{"line":188,"column":26}},"loc":{"start":{"line":189,"column":16},"end":{"line":192,"column":null}},"line":189},"18":{"name":"(anonymous_18)","decl":{"start":{"line":197,"column":35},"end":{"line":197,"column":36}},"loc":{"start":{"line":198,"column":14},"end":{"line":220,"column":null}},"line":198},"19":{"name":"(anonymous_19)","decl":{"start":{"line":215,"column":27},"end":{"line":215,"column":28}},"loc":{"start":{"line":216,"column":18},"end":{"line":218,"column":null}},"line":216},"20":{"name":"(anonymous_20)","decl":{"start":{"line":230,"column":25},"end":{"line":230,"column":26}},"loc":{"start":{"line":230,"column":38},"end":{"line":237,"column":15}},"line":230},"21":{"name":"(anonymous_21)","decl":{"start":{"line":245,"column":25},"end":{"line":245,"column":26}},"loc":{"start":{"line":245,"column":38},"end":{"line":252,"column":15}},"line":245},"22":{"name":"(anonymous_22)","decl":{"start":{"line":260,"column":25},"end":{"line":260,"column":26}},"loc":{"start":{"line":260,"column":38},"end":{"line":267,"column":15}},"line":260},"23":{"name":"(anonymous_23)","decl":{"start":{"line":276,"column":27},"end":{"line":276,"column":28}},"loc":{"start":{"line":277,"column":18},"end":{"line":280,"column":null}},"line":277},"24":{"name":"(anonymous_24)","decl":{"start":{"line":291,"column":27},"end":{"line":291,"column":28}},"loc":{"start":{"line":292,"column":18},"end":{"line":294,"column":null}},"line":292}},"branchMap":{"0":{"loc":{"start":{"line":6,"column":52},"end":{"line":6,"column":62}},"type":"default-arg","locations":[{"start":{"line":6,"column":59},"end":{"line":6,"column":62}}],"line":6},"1":{"loc":{"start":{"line":13,"column":21},"end":{"line":13,"column":61}},"type":"cond-expr","locations":[{"start":{"line":13,"column":47},"end":{"line":13,"column":56}},{"start":{"line":13,"column":56},"end":{"line":13,"column":61}}],"line":13},"2":{"loc":{"start":{"line":19,"column":11},"end":{"line":19,"column":null}},"type":"binary-expr","locations":[{"start":{"line":19,"column":11},"end":{"line":19,"column":24}},{"start":{"line":19,"column":24},"end":{"line":19,"column":null}}],"line":19},"3":{"loc":{"start":{"line":24,"column":4},"end":{"line":24,"column":null}},"type":"if","locations":[{"start":{"line":24,"column":4},"end":{"line":24,"column":null}},{"start":{},"end":{}}],"line":24},"4":{"loc":{"start":{"line":26,"column":4},"end":{"line":26,"column":null}},"type":"if","locations":[{"start":{"line":26,"column":4},"end":{"line":26,"column":null}},{"start":{},"end":{}}],"line":26},"5":{"loc":{"start":{"line":31,"column":32},"end":{"line":31,"column":53}},"type":"default-arg","locations":[{"start":{"line":31,"column":43},"end":{"line":31,"column":53}}],"line":31},"6":{"loc":{"start":{"line":34,"column":4},"end":{"line":36,"column":null}},"type":"if","locations":[{"start":{"line":34,"column":4},"end":{"line":36,"column":null}},{"start":{},"end":{}}],"line":34},"7":{"loc":{"start":{"line":35,"column":13},"end":{"line":35,"column":null}},"type":"cond-expr","locations":[{"start":{"line":35,"column":24},"end":{"line":35,"column":44}},{"start":{"line":35,"column":44},"end":{"line":35,"column":null}}],"line":35},"8":{"loc":{"start":{"line":37,"column":4},"end":{"line":39,"column":null}},"type":"if","locations":[{"start":{"line":37,"column":4},"end":{"line":39,"column":null}},{"start":{},"end":{}}],"line":37},"9":{"loc":{"start":{"line":38,"column":13},"end":{"line":38,"column":null}},"type":"cond-expr","locations":[{"start":{"line":38,"column":24},"end":{"line":38,"column":44}},{"start":{"line":38,"column":44},"end":{"line":38,"column":null}}],"line":38},"10":{"loc":{"start":{"line":45,"column":4},"end":{"line":45,"column":null}},"type":"if","locations":[{"start":{"line":45,"column":4},"end":{"line":45,"column":null}},{"start":{},"end":{}}],"line":45},"11":{"loc":{"start":{"line":46,"column":4},"end":{"line":46,"column":null}},"type":"if","locations":[{"start":{"line":46,"column":4},"end":{"line":46,"column":null}},{"start":{},"end":{}}],"line":46},"12":{"loc":{"start":{"line":66,"column":6},"end":{"line":68,"column":null}},"type":"if","locations":[{"start":{"line":66,"column":6},"end":{"line":68,"column":null}},{"start":{},"end":{}}],"line":66},"13":{"loc":{"start":{"line":69,"column":6},"end":{"line":71,"column":null}},"type":"if","locations":[{"start":{"line":69,"column":6},"end":{"line":71,"column":null}},{"start":{},"end":{}}],"line":69},"14":{"loc":{"start":{"line":74,"column":4},"end":{"line":82,"column":null}},"type":"if","locations":[{"start":{"line":74,"column":4},"end":{"line":82,"column":null}},{"start":{"line":78,"column":4},"end":{"line":82,"column":null}}],"line":74},"15":{"loc":{"start":{"line":78,"column":4},"end":{"line":82,"column":null}},"type":"if","locations":[{"start":{"line":78,"column":4},"end":{"line":82,"column":null}},{"start":{},"end":{}}],"line":78},"16":{"loc":{"start":{"line":91,"column":8},"end":{"line":94,"column":null}},"type":"if","locations":[{"start":{"line":91,"column":8},"end":{"line":94,"column":null}},{"start":{},"end":{}}],"line":91},"17":{"loc":{"start":{"line":111,"column":8},"end":{"line":114,"column":null}},"type":"if","locations":[{"start":{"line":111,"column":8},"end":{"line":114,"column":null}},{"start":{},"end":{}}],"line":111},"18":{"loc":{"start":{"line":124,"column":8},"end":{"line":126,"column":null}},"type":"if","locations":[{"start":{"line":124,"column":8},"end":{"line":126,"column":null}},{"start":{},"end":{}}],"line":124},"19":{"loc":{"start":{"line":124,"column":8},"end":{"line":124,"column":79}},"type":"binary-expr","locations":[{"start":{"line":124,"column":8},"end":{"line":124,"column":47}},{"start":{"line":124,"column":42},"end":{"line":124,"column":79}}],"line":124},"20":{"loc":{"start":{"line":138,"column":13},"end":{"line":138,"column":null}},"type":"cond-expr","locations":[{"start":{"line":138,"column":39},"end":{"line":138,"column":48}},{"start":{"line":138,"column":48},"end":{"line":138,"column":null}}],"line":138},"21":{"loc":{"start":{"line":141,"column":2},"end":{"line":153,"column":null}},"type":"if","locations":[{"start":{"line":141,"column":2},"end":{"line":153,"column":null}},{"start":{},"end":{}}],"line":141},"22":{"loc":{"start":{"line":155,"column":2},"end":{"line":167,"column":null}},"type":"if","locations":[{"start":{"line":155,"column":2},"end":{"line":167,"column":null}},{"start":{},"end":{}}],"line":155},"23":{"loc":{"start":{"line":180,"column":56},"end":{"line":180,"column":92}},"type":"cond-expr","locations":[{"start":{"line":180,"column":82},"end":{"line":180,"column":88}},{"start":{"line":180,"column":88},"end":{"line":180,"column":92}}],"line":180},"24":{"loc":{"start":{"line":190,"column":34},"end":{"line":190,"column":93}},"type":"cond-expr","locations":[{"start":{"line":190,"column":55},"end":{"line":190,"column":74}},{"start":{"line":190,"column":74},"end":{"line":190,"column":93}}],"line":190},"25":{"loc":{"start":{"line":234,"column":21},"end":{"line":234,"column":null}},"type":"cond-expr","locations":[{"start":{"line":234,"column":33},"end":{"line":234,"column":41}},{"start":{"line":234,"column":41},"end":{"line":234,"column":null}}],"line":234},"26":{"loc":{"start":{"line":249,"column":21},"end":{"line":249,"column":null}},"type":"cond-expr","locations":[{"start":{"line":249,"column":33},"end":{"line":249,"column":57}},{"start":{"line":249,"column":57},"end":{"line":249,"column":null}}],"line":249},"27":{"loc":{"start":{"line":264,"column":21},"end":{"line":264,"column":null}},"type":"cond-expr","locations":[{"start":{"line":264,"column":31},"end":{"line":264,"column":53}},{"start":{"line":264,"column":53},"end":{"line":264,"column":null}}],"line":264},"28":{"loc":{"start":{"line":270,"column":13},"end":{"line":282,"column":null}},"type":"binary-expr","locations":[{"start":{"line":270,"column":13},"end":{"line":270,"column":null}},{"start":{"line":271,"column":14},"end":{"line":282,"column":null}}],"line":270},"29":{"loc":{"start":{"line":278,"column":36},"end":{"line":278,"column":95}},"type":"cond-expr","locations":[{"start":{"line":278,"column":57},"end":{"line":278,"column":76}},{"start":{"line":278,"column":76},"end":{"line":278,"column":95}}],"line":278},"30":{"loc":{"start":{"line":285,"column":13},"end":{"line":296,"column":null}},"type":"binary-expr","locations":[{"start":{"line":285,"column":13},"end":{"line":285,"column":null}},{"start":{"line":286,"column":14},"end":{"line":296,"column":null}}],"line":285}},"s":{"0":7,"1":7,"2":7,"3":7,"4":0,"5":7,"6":420,"7":420,"8":420,"9":7,"10":343,"11":0,"12":343,"13":343,"14":196,"15":147,"16":147,"17":7,"18":294,"19":294,"20":294,"21":126,"22":168,"23":84,"24":84,"25":7,"26":49,"27":49,"28":21,"29":28,"30":28,"31":14,"32":7,"33":42,"34":7,"35":49,"36":49,"37":49,"38":49,"39":49,"40":49,"41":28,"42":49,"43":21,"44":49,"45":21,"46":28,"47":7,"48":21,"49":7,"50":98,"51":98,"52":196,"53":196,"54":196,"55":98,"56":42,"57":42,"58":98,"59":7,"60":49,"61":49,"62":49,"63":7,"64":392,"65":392,"66":784,"67":784,"68":784,"69":392,"70":168,"71":168,"72":392,"73":7,"74":14,"75":14,"76":14,"77":56,"78":7,"79":7,"80":7,"81":7,"82":0,"83":0,"84":0,"85":0,"86":7,"87":0,"88":7,"89":0,"90":7,"91":49,"92":7,"93":49,"94":49,"95":49,"96":49,"97":49,"98":49,"99":49,"100":49,"101":49},"f":{"0":7,"1":0,"2":420,"3":343,"4":294,"5":49,"6":42,"7":49,"8":49,"9":98,"10":196,"11":49,"12":392,"13":784,"14":14,"15":14,"16":0,"17":49,"18":7,"19":49,"20":49,"21":49,"22":49,"23":49,"24":49},"b":{"0":[7],"1":[0,0],"2":[420,357],"3":[0,343],"4":[196,147],"5":[294],"6":[126,168],"7":[105,21],"8":[84,84],"9":[70,14],"10":[21,28],"11":[14,14],"12":[28,21],"13":[21,28],"14":[21,28],"15":[7,21],"16":[42,56],"17":[168,224],"18":[7,0],"19":[7,0],"20":[0,0],"21":[0,7],"22":[0,7],"23":[7,0],"24":[14,35],"25":[21,28],"26":[21,28],"27":[21,28],"28":[7,7],"29":[14,35],"30":[7,7]},"meta":{"lastBranch":31,"lastFunction":25,"lastStatement":102,"seen":{"f:6:24:6:39":0,"b:6:59:6:62":0,"s:7:81:7:Infinity":0,"s:8:40:8:Infinity":1,"s:10:8:10:Infinity":2,"s:12:21:14:Infinity":3,"f:12:21:12:27":1,"s:13:4:13:Infinity":4,"b:13:47:13:56:13:56:13:61":1,"s:16:20:20:Infinity":5,"f:16:20:16:21":2,"s:17:17:17:Infinity":6,"s:18:16:18:Infinity":7,"s:19:4:19:Infinity":8,"b:19:11:19:24:19:24:19:Infinity":2,"s:22:33:29:Infinity":9,"f:22:33:22:34":3,"b:24:4:24:Infinity:undefined:undefined:undefined:undefined":3,"s:24:4:24:Infinity":10,"s:24:41:24:Infinity":11,"s:25:27:25:Infinity":12,"b:26:4:26:Infinity:undefined:undefined:undefined:undefined":4,"s:26:4:26:Infinity":13,"s:26:30:26:Infinity":14,"s:27:23:27:Infinity":15,"s:28:4:28:Infinity":16,"s:31:22:41:Infinity":17,"f:31:22:31:23":4,"b:31:43:31:53":5,"s:32:27:32:Infinity":18,"s:33:20:33:Infinity":19,"b:34:4:36:Infinity:undefined:undefined:undefined:undefined":6,"s:34:4:36:Infinity":20,"s:35:6:35:Infinity":21,"b:35:24:35:44:35:44:35:Infinity":7,"b:37:4:39:Infinity:undefined:undefined:undefined:undefined":8,"s:37:4:39:Infinity":22,"s:38:6:38:Infinity":23,"b:38:24:38:44:38:44:38:Infinity":9,"s:40:4:40:Infinity":24,"s:43:28:48:Infinity":25,"f:43:28:43:29":5,"s:44:27:44:Infinity":26,"b:45:4:45:Infinity:undefined:undefined:undefined:undefined":10,"s:45:4:45:Infinity":27,"s:45:24:45:Infinity":28,"b:46:4:46:Infinity:undefined:undefined:undefined:undefined":11,"s:46:4:46:Infinity":29,"s:46:28:46:Infinity":30,"s:47:4:47:Infinity":31,"s:50:25:57:Infinity":32,"f:50:25:50:26":6,"s:51:4:56:Infinity":33,"s:59:31:84:Infinity":34,"f:59:31:59:32":7,"s:60:25:60:Infinity":35,"f:60:42:60:47":8,"s:60:47:60:65":36,"s:62:16:62:Infinity":37,"s:63:18:63:Infinity":38,"s:65:4:72:Infinity":39,"b:66:6:68:Infinity:undefined:undefined:undefined:undefined":12,"s:66:6:68:Infinity":40,"s:67:8:67:Infinity":41,"b:69:6:71:Infinity:undefined:undefined:undefined:undefined":13,"s:69:6:71:Infinity":42,"s:70:8:70:Infinity":43,"b:74:4:82:Infinity:78:4:82:Infinity":14,"s:74:4:82:Infinity":44,"s:75:6:76:Infinity":45,"b:78:4:82:Infinity:undefined:undefined:undefined:undefined":15,"s:78:4:82:Infinity":46,"s:79:6:80:Infinity":47,"s:83:4:83:Infinity":48,"s:86:28:98:Infinity":49,"f:86:28:86:29":9,"s:87:16:87:Infinity":50,"s:88:4:96:Infinity":51,"s:89:27:89:Infinity":52,"f:89:44:89:49":10,"s:89:49:89:67":53,"s:90:6:95:Infinity":54,"b:91:8:94:Infinity:undefined:undefined:undefined:undefined":16,"s:91:8:94:Infinity":55,"s:92:10:92:Infinity":56,"s:93:10:93:Infinity":57,"s:97:4:97:Infinity":58,"s:100:26:104:Infinity":59,"f:100:26:100:27":11,"s:101:18:101:Infinity":60,"s:102:23:102:Infinity":61,"s:103:4:103:Infinity":62,"s:106:29:118:Infinity":63,"f:106:29:106:30":12,"s:107:16:107:Infinity":64,"s:108:4:116:Infinity":65,"s:109:27:109:Infinity":66,"f:109:44:109:49":13,"s:109:49:109:67":67,"s:110:6:115:Infinity":68,"b:111:8:114:Infinity:undefined:undefined:undefined:undefined":17,"s:111:8:114:Infinity":69,"s:112:10:112:Infinity":70,"s:113:10:113:Infinity":71,"s:117:4:117:Infinity":72,"s:120:32:130:Infinity":73,"f:120:32:120:33":14,"s:121:25:121:Infinity":74,"f:121:42:121:47":15,"s:121:47:121:65":75,"s:122:4:128:Infinity":76,"s:123:6:127:Infinity":77,"b:124:8:126:Infinity:undefined:undefined:undefined:undefined":18,"s:124:8:126:Infinity":78,"b:124:8:124:47:124:42:124:79":19,"s:125:10:125:Infinity":79,"s:129:4:129:Infinity":80,"s:132:28:139:Infinity":81,"f:134:10:134:11":16,"s:135:12:135:Infinity":82,"s:136:12:136:Infinity":83,"s:137:21:137:Infinity":84,"s:138:6:138:Infinity":85,"b:138:39:138:48:138:48:138:Infinity":20,"b:141:2:153:Infinity:undefined:undefined:undefined:undefined":21,"s:141:2:153:Infinity":86,"s:142:4:151:Infinity":87,"b:155:2:167:Infinity:undefined:undefined:undefined:undefined":22,"s:155:2:167:Infinity":88,"s:156:4:165:Infinity":89,"s:169:2:313:Infinity":90,"b:180:82:180:88:180:88:180:92":23,"f:188:25:188:26":17,"s:189:16:192:Infinity":91,"b:190:55:190:74:190:74:190:93":24,"f:197:35:197:36":18,"s:198:14:220:Infinity":92,"f:215:27:215:28":19,"s:216:18:218:Infinity":93,"f:230:25:230:26":20,"s:231:30:231:Infinity":94,"s:232:16:235:Infinity":95,"b:234:33:234:41:234:41:234:Infinity":25,"f:245:25:245:26":21,"s:246:30:246:Infinity":96,"s:247:16:250:Infinity":97,"b:249:33:249:57:249:57:249:Infinity":26,"f:260:25:260:26":22,"s:261:28:261:Infinity":98,"s:262:16:265:Infinity":99,"b:264:31:264:53:264:53:264:Infinity":27,"b:270:13:270:Infinity:271:14:282:Infinity":28,"f:276:27:276:28":23,"s:277:18:280:Infinity":100,"b:278:57:278:76:278:76:278:95":29,"b:285:13:285:Infinity:286:14:296:Infinity":30,"f:291:27:291:28":24,"s:292:18:294:Infinity":101}}}
,"/Users/kcoffie/qap/dog-boarding/src/components/CsvImport.jsx": {"path":"/Users/kcoffie/qap/dog-boarding/src/components/CsvImport.jsx","statementMap":{"0":{"start":{"line":7,"column":29},"end":{"line":7,"column":null}},"1":{"start":{"line":8,"column":8},"end":{"line":8,"column":null}},"2":{"start":{"line":10,"column":34},"end":{"line":10,"column":null}},"3":{"start":{"line":11,"column":26},"end":{"line":11,"column":null}},"4":{"start":{"line":12,"column":30},"end":{"line":12,"column":null}},"5":{"start":{"line":14,"column":22},"end":{"line":62,"column":null}},"6":{"start":{"line":15,"column":19},"end":{"line":15,"column":null}},"7":{"start":{"line":16,"column":60},"end":{"line":16,"column":null}},"8":{"start":{"line":19,"column":16},"end":{"line":19,"column":null}},"9":{"start":{"line":19,"column":31},"end":{"line":19,"column":78}},"10":{"start":{"line":20,"column":4},"end":{"line":24,"column":null}},"11":{"start":{"line":21,"column":6},"end":{"line":21,"column":null}},"12":{"start":{"line":22,"column":4},"end":{"line":24,"column":null}},"13":{"start":{"line":23,"column":6},"end":{"line":23,"column":null}},"14":{"start":{"line":27,"column":18},"end":{"line":27,"column":null}},"15":{"start":{"line":28,"column":20},"end":{"line":28,"column":null}},"16":{"start":{"line":30,"column":4},"end":{"line":37,"column":null}},"17":{"start":{"line":31,"column":6},"end":{"line":31,"column":null}},"18":{"start":{"line":33,"column":6},"end":{"line":33,"column":null}},"19":{"start":{"line":34,"column":6},"end":{"line":36,"column":null}},"20":{"start":{"line":35,"column":8},"end":{"line":35,"column":null}},"21":{"start":{"line":39,"column":4},"end":{"line":46,"column":null}},"22":{"start":{"line":40,"column":6},"end":{"line":40,"column":null}},"23":{"start":{"line":42,"column":6},"end":{"line":42,"column":null}},"24":{"start":{"line":43,"column":6},"end":{"line":45,"column":null}},"25":{"start":{"line":44,"column":8},"end":{"line":44,"column":null}},"26":{"start":{"line":49,"column":4},"end":{"line":51,"column":null}},"27":{"start":{"line":50,"column":6},"end":{"line":50,"column":null}},"28":{"start":{"line":53,"column":4},"end":{"line":61,"column":null}},"29":{"start":{"line":64,"column":24},"end":{"line":89,"column":null}},"30":{"start":{"line":65,"column":4},"end":{"line":65,"column":null}},"31":{"start":{"line":65,"column":14},"end":{"line":65,"column":null}},"32":{"start":{"line":68,"column":15},"end":{"line":68,"column":null}},"33":{"start":{"line":69,"column":4},"end":{"line":71,"column":null}},"34":{"start":{"line":70,"column":6},"end":{"line":70,"column":null}},"35":{"start":{"line":74,"column":18},"end":{"line":74,"column":null}},"36":{"start":{"line":75,"column":4},"end":{"line":86,"column":null}},"37":{"start":{"line":76,"column":6},"end":{"line":82,"column":null}},"38":{"start":{"line":83,"column":6},"end":{"line":85,"column":null}},"39":{"start":{"line":84,"column":8},"end":{"line":84,"column":null}},"40":{"start":{"line":88,"column":4},"end":{"line":88,"column":null}},"41":{"start":{"line":91,"column":27},"end":{"line":120,"column":null}},"42":{"start":{"line":92,"column":17},"end":{"line":92,"column":null}},"43":{"start":{"line":93,"column":4},"end":{"line":93,"column":null}},"44":{"start":{"line":93,"column":15},"end":{"line":93,"column":null}},"45":{"start":{"line":95,"column":4},"end":{"line":95,"column":null}},"46":{"start":{"line":97,"column":4},"end":{"line":119,"column":null}},"47":{"start":{"line":101,"column":26},"end":{"line":101,"column":null}},"48":{"start":{"line":102,"column":26},"end":{"line":102,"column":null}},"49":{"start":{"line":104,"column":8},"end":{"line":110,"column":null}},"50":{"start":{"line":105,"column":35},"end":{"line":105,"column":null}},"51":{"start":{"line":106,"column":10},"end":{"line":106,"column":null}},"52":{"start":{"line":107,"column":10},"end":{"line":109,"column":null}},"53":{"start":{"line":108,"column":12},"end":{"line":108,"column":null}},"54":{"start":{"line":112,"column":8},"end":{"line":112,"column":null}},"55":{"start":{"line":113,"column":8},"end":{"line":113,"column":null}},"56":{"start":{"line":116,"column":8},"end":{"line":116,"column":null}},"57":{"start":{"line":117,"column":8},"end":{"line":117,"column":null}},"58":{"start":{"line":122,"column":23},"end":{"line":131,"column":null}},"59":{"start":{"line":123,"column":22},"end":{"line":127,"column":null}},"60":{"start":{"line":123,"column":89},"end":{"line":127,"column":6}},"61":{"start":{"line":129,"column":4},"end":{"line":129,"column":null}},"62":{"start":{"line":130,"column":4},"end":{"line":130,"column":null}},"63":{"start":{"line":133,"column":22},"end":{"line":140,"column":null}},"64":{"start":{"line":134,"column":4},"end":{"line":134,"column":null}},"65":{"start":{"line":135,"column":4},"end":{"line":135,"column":null}},"66":{"start":{"line":136,"column":4},"end":{"line":136,"column":null}},"67":{"start":{"line":137,"column":4},"end":{"line":139,"column":null}},"68":{"start":{"line":138,"column":6},"end":{"line":138,"column":null}},"69":{"start":{"line":142,"column":25},"end":{"line":151,"column":null}},"70":{"start":{"line":143,"column":17},"end":{"line":143,"column":null}},"71":{"start":{"line":144,"column":4},"end":{"line":150,"column":null}},"72":{"start":{"line":153,"column":2},"end":{"line":270,"column":null}},"73":{"start":{"line":210,"column":14},"end":{"line":210,"column":null}},"74":{"start":{"line":233,"column":18},"end":{"line":237,"column":null}}},"fnMap":{"0":{"name":"CsvImport","decl":{"start":{"line":6,"column":24},"end":{"line":6,"column":34}},"loc":{"start":{"line":6,"column":47},"end":{"line":272,"column":null}},"line":6},"1":{"name":"(anonymous_1)","decl":{"start":{"line":14,"column":22},"end":{"line":14,"column":23}},"loc":{"start":{"line":14,"column":41},"end":{"line":62,"column":null}},"line":14},"2":{"name":"(anonymous_2)","decl":{"start":{"line":19,"column":26},"end":{"line":19,"column":31}},"loc":{"start":{"line":19,"column":31},"end":{"line":19,"column":78}},"line":19},"3":{"name":"(anonymous_3)","decl":{"start":{"line":64,"column":24},"end":{"line":64,"column":25}},"loc":{"start":{"line":64,"column":33},"end":{"line":89,"column":null}},"line":64},"4":{"name":"(anonymous_4)","decl":{"start":{"line":91,"column":27},"end":{"line":91,"column":28}},"loc":{"start":{"line":91,"column":34},"end":{"line":120,"column":null}},"line":91},"5":{"name":"(anonymous_5)","decl":{"start":{"line":100,"column":16},"end":{"line":100,"column":17}},"loc":{"start":{"line":100,"column":29},"end":{"line":114,"column":null}},"line":100},"6":{"name":"(anonymous_6)","decl":{"start":{"line":104,"column":29},"end":{"line":104,"column":30}},"loc":{"start":{"line":104,"column":45},"end":{"line":110,"column":9}},"line":104},"7":{"name":"(anonymous_7)","decl":{"start":{"line":115,"column":13},"end":{"line":115,"column":14}},"loc":{"start":{"line":115,"column":24},"end":{"line":118,"column":null}},"line":115},"8":{"name":"(anonymous_8)","decl":{"start":{"line":122,"column":23},"end":{"line":122,"column":29}},"loc":{"start":{"line":122,"column":29},"end":{"line":131,"column":null}},"line":122},"9":{"name":"(anonymous_9)","decl":{"start":{"line":123,"column":37},"end":{"line":123,"column":38}},"loc":{"start":{"line":123,"column":89},"end":{"line":127,"column":6}},"line":123},"10":{"name":"(anonymous_10)","decl":{"start":{"line":133,"column":22},"end":{"line":133,"column":28}},"loc":{"start":{"line":133,"column":28},"end":{"line":140,"column":null}},"line":133},"11":{"name":"(anonymous_11)","decl":{"start":{"line":142,"column":25},"end":{"line":142,"column":26}},"loc":{"start":{"line":142,"column":40},"end":{"line":151,"column":null}},"line":142},"12":{"name":"(anonymous_12)","decl":{"start":{"line":209,"column":24},"end":{"line":209,"column":25}},"loc":{"start":{"line":210,"column":14},"end":{"line":210,"column":null}},"line":210},"13":{"name":"(anonymous_13)","decl":{"start":{"line":232,"column":32},"end":{"line":232,"column":33}},"loc":{"start":{"line":233,"column":18},"end":{"line":237,"column":null}},"line":233}},"branchMap":{"0":{"loc":{"start":{"line":20,"column":4},"end":{"line":24,"column":null}},"type":"if","locations":[{"start":{"line":20,"column":4},"end":{"line":24,"column":null}},{"start":{"line":22,"column":4},"end":{"line":24,"column":null}}],"line":20},"1":{"loc":{"start":{"line":22,"column":4},"end":{"line":24,"column":null}},"type":"if","locations":[{"start":{"line":22,"column":4},"end":{"line":24,"column":null}},{"start":{},"end":{}}],"line":22},"2":{"loc":{"start":{"line":30,"column":4},"end":{"line":37,"column":null}},"type":"if","locations":[{"start":{"line":30,"column":4},"end":{"line":37,"column":null}},{"start":{"line":32,"column":11},"end":{"line":37,"column":null}}],"line":30},"3":{"loc":{"start":{"line":34,"column":6},"end":{"line":36,"column":null}},"type":"if","locations":[{"start":{"line":34,"column":6},"end":{"line":36,"column":null}},{"start":{},"end":{}}],"line":34},"4":{"loc":{"start":{"line":39,"column":4},"end":{"line":46,"column":null}},"type":"if","locations":[{"start":{"line":39,"column":4},"end":{"line":46,"column":null}},{"start":{"line":41,"column":11},"end":{"line":46,"column":null}}],"line":39},"5":{"loc":{"start":{"line":43,"column":6},"end":{"line":45,"column":null}},"type":"if","locations":[{"start":{"line":43,"column":6},"end":{"line":45,"column":null}},{"start":{},"end":{}}],"line":43},"6":{"loc":{"start":{"line":49,"column":4},"end":{"line":51,"column":null}},"type":"if","locations":[{"start":{"line":49,"column":4},"end":{"line":51,"column":null}},{"start":{},"end":{}}],"line":49},"7":{"loc":{"start":{"line":49,"column":8},"end":{"line":49,"column":54}},"type":"binary-expr","locations":[{"start":{"line":49,"column":8},"end":{"line":49,"column":19}},{"start":{"line":49,"column":19},"end":{"line":49,"column":32}},{"start":{"line":49,"column":32},"end":{"line":49,"column":54}}],"line":49},"8":{"loc":{"start":{"line":55,"column":12},"end":{"line":60,"column":null}},"type":"cond-expr","locations":[{"start":{"line":55,"column":34},"end":{"line":60,"column":10}},{"start":{"line":60,"column":10},"end":{"line":60,"column":null}}],"line":55},"9":{"loc":{"start":{"line":65,"column":4},"end":{"line":65,"column":null}},"type":"if","locations":[{"start":{"line":65,"column":4},"end":{"line":65,"column":null}},{"start":{},"end":{}}],"line":65},"10":{"loc":{"start":{"line":69,"column":4},"end":{"line":71,"column":null}},"type":"if","locations":[{"start":{"line":69,"column":4},"end":{"line":71,"column":null}},{"start":{},"end":{}}],"line":69},"11":{"loc":{"start":{"line":75,"column":4},"end":{"line":86,"column":null}},"type":"if","locations":[{"start":{"line":75,"column":4},"end":{"line":86,"column":null}},{"start":{},"end":{}}],"line":75},"12":{"loc":{"start":{"line":83,"column":6},"end":{"line":85,"column":null}},"type":"if","locations":[{"start":{"line":83,"column":6},"end":{"line":85,"column":null}},{"start":{},"end":{}}],"line":83},"13":{"loc":{"start":{"line":93,"column":4},"end":{"line":93,"column":null}},"type":"if","locations":[{"start":{"line":93,"column":4},"end":{"line":93,"column":null}},{"start":{},"end":{}}],"line":93},"14":{"loc":{"start":{"line":107,"column":10},"end":{"line":109,"column":null}},"type":"if","locations":[{"start":{"line":107,"column":10},"end":{"line":109,"column":null}},{"start":{},"end":{}}],"line":107},"15":{"loc":{"start":{"line":137,"column":4},"end":{"line":139,"column":null}},"type":"if","locations":[{"start":{"line":137,"column":4},"end":{"line":139,"column":null}},{"start":{},"end":{}}],"line":137},"16":{"loc":{"start":{"line":194,"column":9},"end":{"line":195,"column":null}},"type":"binary-expr","locations":[{"start":{"line":194,"column":9},"end":{"line":194,"column":null}},{"start":{"line":195,"column":10},"end":{"line":195,"column":null}}],"line":194},"17":{"loc":{"start":{"line":200,"column":7},"end":{"line":213,"column":null}},"type":"binary-expr","locations":[{"start":{"line":200,"column":7},"end":{"line":200,"column":null}},{"start":{"line":201,"column":8},"end":{"line":213,"column":null}}],"line":200},"18":{"loc":{"start":{"line":217,"column":7},"end":{"line":242,"column":null}},"type":"binary-expr","locations":[{"start":{"line":217,"column":7},"end":{"line":217,"column":null}},{"start":{"line":218,"column":8},"end":{"line":242,"column":null}}],"line":217},"19":{"loc":{"start":{"line":220,"column":56},"end":{"line":220,"column":91}},"type":"cond-expr","locations":[{"start":{"line":220,"column":82},"end":{"line":220,"column":88}},{"start":{"line":220,"column":88},"end":{"line":220,"column":91}}],"line":220},"20":{"loc":{"start":{"line":247,"column":10},"end":{"line":253,"column":null}},"type":"binary-expr","locations":[{"start":{"line":247,"column":10},"end":{"line":247,"column":35}},{"start":{"line":247,"column":35},"end":{"line":247,"column":null}},{"start":{"line":248,"column":10},"end":{"line":253,"column":null}}],"line":247},"21":{"loc":{"start":{"line":261,"column":9},"end":{"line":267,"column":null}},"type":"binary-expr","locations":[{"start":{"line":261,"column":9},"end":{"line":261,"column":null}},{"start":{"line":262,"column":10},"end":{"line":267,"column":null}}],"line":261},"22":{"loc":{"start":{"line":266,"column":48},"end":{"line":266,"column":null}},"type":"cond-expr","locations":[{"start":{"line":266,"column":74},"end":{"line":266,"column":80}},{"start":{"line":266,"column":80},"end":{"line":266,"column":null}}],"line":266}},"s":{"0":7,"1":7,"2":7,"3":7,"4":7,"5":7,"6":0,"7":0,"8":0,"9":0,"10":0,"11":0,"12":0,"13":0,"14":0,"15":0,"16":0,"17":0,"18":0,"19":0,"20":0,"21":0,"22":0,"23":0,"24":0,"25":0,"26":0,"27":0,"28":0,"29":7,"30":0,"31":0,"32":0,"33":0,"34":0,"35":0,"36":0,"37":0,"38":0,"39":0,"40":0,"41":7,"42":0,"43":0,"44":0,"45":0,"46":0,"47":0,"48":0,"49":0,"50":0,"51":0,"52":0,"53":0,"54":0,"55":0,"56":0,"57":0,"58":7,"59":0,"60":0,"61":0,"62":0,"63":7,"64":0,"65":0,"66":0,"67":0,"68":0,"69":7,"70":0,"71":0,"72":7,"73":0,"74":0},"f":{"0":7,"1":0,"2":0,"3":0,"4":0,"5":0,"6":0,"7":0,"8":0,"9":0,"10":0,"11":0,"12":0,"13":0},"b":{"0":[0,0],"1":[0,0],"2":[0,0],"3":[0,0],"4":[0,0],"5":[0,0],"6":[0,0],"7":[0,0,0],"8":[0,0],"9":[0,0],"10":[0,0],"11":[0,0],"12":[0,0],"13":[0,0],"14":[0,0],"15":[0,0],"16":[7,0],"17":[7,0],"18":[7,0],"19":[0,0],"20":[7,7,0],"21":[7,0],"22":[0,0]},"meta":{"lastBranch":23,"lastFunction":14,"lastStatement":75,"seen":{"f:6:24:6:34":0,"s:7:29:7:Infinity":0,"s:8:8:8:Infinity":1,"s:10:34:10:Infinity":2,"s:11:26:11:Infinity":3,"s:12:30:12:Infinity":4,"s:14:22:62:Infinity":5,"f:14:22:14:23":1,"s:15:19:15:Infinity":6,"s:16:60:16:Infinity":7,"s:19:16:19:Infinity":8,"f:19:26:19:31":2,"s:19:31:19:78":9,"b:20:4:24:Infinity:22:4:24:Infinity":0,"s:20:4:24:Infinity":10,"s:21:6:21:Infinity":11,"b:22:4:24:Infinity:undefined:undefined:undefined:undefined":1,"s:22:4:24:Infinity":12,"s:23:6:23:Infinity":13,"s:27:18:27:Infinity":14,"s:28:20:28:Infinity":15,"b:30:4:37:Infinity:32:11:37:Infinity":2,"s:30:4:37:Infinity":16,"s:31:6:31:Infinity":17,"s:33:6:33:Infinity":18,"b:34:6:36:Infinity:undefined:undefined:undefined:undefined":3,"s:34:6:36:Infinity":19,"s:35:8:35:Infinity":20,"b:39:4:46:Infinity:41:11:46:Infinity":4,"s:39:4:46:Infinity":21,"s:40:6:40:Infinity":22,"s:42:6:42:Infinity":23,"b:43:6:45:Infinity:undefined:undefined:undefined:undefined":5,"s:43:6:45:Infinity":24,"s:44:8:44:Infinity":25,"b:49:4:51:Infinity:undefined:undefined:undefined:undefined":6,"s:49:4:51:Infinity":26,"b:49:8:49:19:49:19:49:32:49:32:49:54":7,"s:50:6:50:Infinity":27,"s:53:4:61:Infinity":28,"b:55:34:60:10:60:10:60:Infinity":8,"s:64:24:89:Infinity":29,"f:64:24:64:25":3,"b:65:4:65:Infinity:undefined:undefined:undefined:undefined":9,"s:65:4:65:Infinity":30,"s:65:14:65:Infinity":31,"s:68:15:68:Infinity":32,"b:69:4:71:Infinity:undefined:undefined:undefined:undefined":10,"s:69:4:71:Infinity":33,"s:70:6:70:Infinity":34,"s:74:18:74:Infinity":35,"b:75:4:86:Infinity:undefined:undefined:undefined:undefined":11,"s:75:4:86:Infinity":36,"s:76:6:82:Infinity":37,"b:83:6:85:Infinity:undefined:undefined:undefined:undefined":12,"s:83:6:85:Infinity":38,"s:84:8:84:Infinity":39,"s:88:4:88:Infinity":40,"s:91:27:120:Infinity":41,"f:91:27:91:28":4,"s:92:17:92:Infinity":42,"b:93:4:93:Infinity:undefined:undefined:undefined:undefined":13,"s:93:4:93:Infinity":43,"s:93:15:93:Infinity":44,"s:95:4:95:Infinity":45,"s:97:4:119:Infinity":46,"f:100:16:100:17":5,"s:101:26:101:Infinity":47,"s:102:26:102:Infinity":48,"s:104:8:110:Infinity":49,"f:104:29:104:30":6,"s:105:35:105:Infinity":50,"s:106:10:106:Infinity":51,"b:107:10:109:Infinity:undefined:undefined:undefined:undefined":14,"s:107:10:109:Infinity":52,"s:108:12:108:Infinity":53,"s:112:8:112:Infinity":54,"s:113:8:113:Infinity":55,"f:115:13:115:14":7,"s:116:8:116:Infinity":56,"s:117:8:117:Infinity":57,"s:122:23:131:Infinity":58,"f:122:23:122:29":8,"s:123:22:127:Infinity":59,"f:123:37:123:38":9,"s:123:89:127:6":60,"s:129:4:129:Infinity":61,"s:130:4:130:Infinity":62,"s:133:22:140:Infinity":63,"f:133:22:133:28":10,"s:134:4:134:Infinity":64,"s:135:4:135:Infinity":65,"s:136:4:136:Infinity":66,"b:137:4:139:Infinity:undefined:undefined:undefined:undefined":15,"s:137:4:139:Infinity":67,"s:138:6:138:Infinity":68,"s:142:25:151:Infinity":69,"f:142:25:142:26":11,"s:143:17:143:Infinity":70,"s:144:4:150:Infinity":71,"s:153:2:270:Infinity":72,"b:194:9:194:Infinity:195:10:195:Infinity":16,"b:200:7:200:Infinity:201:8:213:Infinity":17,"f:209:24:209:25":12,"s:210:14:210:Infinity":73,"b:217:7:217:Infinity:218:8:242:Infinity":18,"b:220:82:220:88:220:88:220:91":19,"f:232:32:232:33":13,"s:233:18:237:Infinity":74,"b:247:10:247:35:247:35:247:Infinity:248:10:253:Infinity":20,"b:261:9:261:Infinity:262:10:267:Infinity":21,"b:266:74:266:80:266:80:266:Infinity":22}}}
,"/Users/kcoffie/qap/dog-boarding/src/components/DogForm.jsx": {"path":"/Users/kcoffie/qap/dog-boarding/src/components/DogForm.jsx","statementMap":{"0":{"start":{"line":4,"column":22},"end":{"line":4,"column":null}},"1":{"start":{"line":5,"column":28},"end":{"line":5,"column":null}},"2":{"start":{"line":6,"column":32},"end":{"line":6,"column":null}},"3":{"start":{"line":7,"column":26},"end":{"line":7,"column":null}},"4":{"start":{"line":9,"column":20},"end":{"line":9,"column":null}},"5":{"start":{"line":11,"column":2},"end":{"line":17,"column":null}},"6":{"start":{"line":12,"column":4},"end":{"line":16,"column":null}},"7":{"start":{"line":13,"column":6},"end":{"line":13,"column":null}},"8":{"start":{"line":14,"column":6},"end":{"line":14,"column":null}},"9":{"start":{"line":15,"column":6},"end":{"line":15,"column":null}},"10":{"start":{"line":19,"column":19},"end":{"line":38,"column":null}},"11":{"start":{"line":20,"column":22},"end":{"line":20,"column":null}},"12":{"start":{"line":22,"column":4},"end":{"line":24,"column":null}},"13":{"start":{"line":23,"column":6},"end":{"line":23,"column":null}},"14":{"start":{"line":26,"column":23},"end":{"line":26,"column":null}},"15":{"start":{"line":27,"column":4},"end":{"line":29,"column":null}},"16":{"start":{"line":28,"column":6},"end":{"line":28,"column":null}},"17":{"start":{"line":31,"column":25},"end":{"line":31,"column":null}},"18":{"start":{"line":32,"column":4},"end":{"line":34,"column":null}},"19":{"start":{"line":33,"column":6},"end":{"line":33,"column":null}},"20":{"start":{"line":36,"column":4},"end":{"line":36,"column":null}},"21":{"start":{"line":37,"column":4},"end":{"line":37,"column":null}},"22":{"start":{"line":40,"column":23},"end":{"line":56,"column":null}},"23":{"start":{"line":41,"column":4},"end":{"line":41,"column":null}},"24":{"start":{"line":42,"column":4},"end":{"line":42,"column":null}},"25":{"start":{"line":42,"column":21},"end":{"line":42,"column":null}},"26":{"start":{"line":44,"column":4},"end":{"line":48,"column":null}},"27":{"start":{"line":50,"column":4},"end":{"line":55,"column":null}},"28":{"start":{"line":51,"column":6},"end":{"line":51,"column":null}},"29":{"start":{"line":52,"column":6},"end":{"line":52,"column":null}},"30":{"start":{"line":53,"column":6},"end":{"line":53,"column":null}},"31":{"start":{"line":54,"column":6},"end":{"line":54,"column":null}},"32":{"start":{"line":58,"column":2},"end":{"line":137,"column":null}},"33":{"start":{"line":67,"column":27},"end":{"line":67,"column":null}},"34":{"start":{"line":88,"column":31},"end":{"line":88,"column":null}},"35":{"start":{"line":109,"column":31},"end":{"line":109,"column":null}}},"fnMap":{"0":{"name":"DogForm","decl":{"start":{"line":3,"column":24},"end":{"line":3,"column":32}},"loc":{"start":{"line":3,"column":59},"end":{"line":139,"column":null}},"line":3},"1":{"name":"(anonymous_1)","decl":{"start":{"line":11,"column":12},"end":{"line":11,"column":18}},"loc":{"start":{"line":11,"column":18},"end":{"line":17,"column":5}},"line":11},"2":{"name":"(anonymous_2)","decl":{"start":{"line":19,"column":19},"end":{"line":19,"column":25}},"loc":{"start":{"line":19,"column":25},"end":{"line":38,"column":null}},"line":19},"3":{"name":"(anonymous_3)","decl":{"start":{"line":40,"column":23},"end":{"line":40,"column":24}},"loc":{"start":{"line":40,"column":30},"end":{"line":56,"column":null}},"line":40},"4":{"name":"(anonymous_4)","decl":{"start":{"line":67,"column":20},"end":{"line":67,"column":21}},"loc":{"start":{"line":67,"column":27},"end":{"line":67,"column":null}},"line":67},"5":{"name":"(anonymous_5)","decl":{"start":{"line":88,"column":24},"end":{"line":88,"column":25}},"loc":{"start":{"line":88,"column":31},"end":{"line":88,"column":null}},"line":88},"6":{"name":"(anonymous_6)","decl":{"start":{"line":109,"column":24},"end":{"line":109,"column":25}},"loc":{"start":{"line":109,"column":31},"end":{"line":109,"column":null}},"line":109}},"branchMap":{"0":{"loc":{"start":{"line":12,"column":4},"end":{"line":16,"column":null}},"type":"if","locations":[{"start":{"line":12,"column":4},"end":{"line":16,"column":null}},{"start":{},"end":{}}],"line":12},"1":{"loc":{"start":{"line":22,"column":4},"end":{"line":24,"column":null}},"type":"if","locations":[{"start":{"line":22,"column":4},"end":{"line":24,"column":null}},{"start":{},"end":{}}],"line":22},"2":{"loc":{"start":{"line":27,"column":4},"end":{"line":29,"column":null}},"type":"if","locations":[{"start":{"line":27,"column":4},"end":{"line":29,"column":null}},{"start":{},"end":{}}],"line":27},"3":{"loc":{"start":{"line":27,"column":8},"end":{"line":27,"column":45}},"type":"binary-expr","locations":[{"start":{"line":27,"column":8},"end":{"line":27,"column":29}},{"start":{"line":27,"column":29},"end":{"line":27,"column":45}}],"line":27},"4":{"loc":{"start":{"line":32,"column":4},"end":{"line":34,"column":null}},"type":"if","locations":[{"start":{"line":32,"column":4},"end":{"line":34,"column":null}},{"start":{},"end":{}}],"line":32},"5":{"loc":{"start":{"line":32,"column":8},"end":{"line":32,"column":49}},"type":"binary-expr","locations":[{"start":{"line":32,"column":8},"end":{"line":32,"column":31}},{"start":{"line":32,"column":31},"end":{"line":32,"column":49}}],"line":32},"6":{"loc":{"start":{"line":42,"column":4},"end":{"line":42,"column":null}},"type":"if","locations":[{"start":{"line":42,"column":4},"end":{"line":42,"column":null}},{"start":{},"end":{}}],"line":42},"7":{"loc":{"start":{"line":50,"column":4},"end":{"line":55,"column":null}},"type":"if","locations":[{"start":{"line":50,"column":4},"end":{"line":55,"column":null}},{"start":{},"end":{}}],"line":50},"8":{"loc":{"start":{"line":69,"column":12},"end":{"line":69,"column":null}},"type":"cond-expr","locations":[{"start":{"line":69,"column":26},"end":{"line":69,"column":45}},{"start":{"line":69,"column":45},"end":{"line":69,"column":null}}],"line":69},"9":{"loc":{"start":{"line":73,"column":9},"end":{"line":73,"column":null}},"type":"binary-expr","locations":[{"start":{"line":73,"column":9},"end":{"line":73,"column":24}},{"start":{"line":73,"column":24},"end":{"line":73,"column":null}}],"line":73},"10":{"loc":{"start":{"line":90,"column":16},"end":{"line":90,"column":null}},"type":"cond-expr","locations":[{"start":{"line":90,"column":33},"end":{"line":90,"column":52}},{"start":{"line":90,"column":52},"end":{"line":90,"column":null}}],"line":90},"11":{"loc":{"start":{"line":95,"column":11},"end":{"line":95,"column":null}},"type":"binary-expr","locations":[{"start":{"line":95,"column":11},"end":{"line":95,"column":29}},{"start":{"line":95,"column":29},"end":{"line":95,"column":null}}],"line":95},"12":{"loc":{"start":{"line":111,"column":16},"end":{"line":111,"column":null}},"type":"cond-expr","locations":[{"start":{"line":111,"column":35},"end":{"line":111,"column":54}},{"start":{"line":111,"column":54},"end":{"line":111,"column":null}}],"line":111},"13":{"loc":{"start":{"line":116,"column":11},"end":{"line":116,"column":null}},"type":"binary-expr","locations":[{"start":{"line":116,"column":11},"end":{"line":116,"column":31}},{"start":{"line":116,"column":31},"end":{"line":116,"column":null}}],"line":116},"14":{"loc":{"start":{"line":121,"column":9},"end":{"line":128,"column":null}},"type":"binary-expr","locations":[{"start":{"line":121,"column":9},"end":{"line":121,"column":null}},{"start":{"line":122,"column":10},"end":{"line":128,"column":null}}],"line":121},"15":{"loc":{"start":{"line":134,"column":11},"end":{"line":134,"column":null}},"type":"cond-expr","locations":[{"start":{"line":134,"column":23},"end":{"line":134,"column":40}},{"start":{"line":134,"column":40},"end":{"line":134,"column":null}}],"line":134}},"s":{"0":42,"1":42,"2":42,"3":42,"4":42,"5":42,"6":10,"7":2,"8":2,"9":2,"10":42,"11":4,"12":4,"13":1,"14":4,"15":4,"16":1,"17":4,"18":4,"19":0,"20":4,"21":4,"22":42,"23":4,"24":4,"25":2,"26":2,"27":2,"28":2,"29":2,"30":2,"31":2,"32":42,"33":12,"34":6,"35":8},"f":{"0":42,"1":10,"2":4,"3":4,"4":12,"5":6,"6":8},"b":{"0":[2,8],"1":[1,3],"2":[1,3],"3":[4,3],"4":[0,4],"5":[4,4],"6":[2,2],"7":[2,0],"8":[1,41],"9":[42,1],"10":[1,41],"11":[42,1],"12":[0,42],"13":[42,0],"14":[42,2],"15":[4,38]},"meta":{"lastBranch":16,"lastFunction":7,"lastStatement":36,"seen":{"f:3:24:3:32":0,"s:4:22:4:Infinity":0,"s:5:28:5:Infinity":1,"s:6:32:6:Infinity":2,"s:7:26:7:Infinity":3,"s:9:20:9:Infinity":4,"s:11:2:17:Infinity":5,"f:11:12:11:18":1,"b:12:4:16:Infinity:undefined:undefined:undefined:undefined":0,"s:12:4:16:Infinity":6,"s:13:6:13:Infinity":7,"s:14:6:14:Infinity":8,"s:15:6:15:Infinity":9,"s:19:19:38:Infinity":10,"f:19:19:19:25":2,"s:20:22:20:Infinity":11,"b:22:4:24:Infinity:undefined:undefined:undefined:undefined":1,"s:22:4:24:Infinity":12,"s:23:6:23:Infinity":13,"s:26:23:26:Infinity":14,"b:27:4:29:Infinity:undefined:undefined:undefined:undefined":2,"s:27:4:29:Infinity":15,"b:27:8:27:29:27:29:27:45":3,"s:28:6:28:Infinity":16,"s:31:25:31:Infinity":17,"b:32:4:34:Infinity:undefined:undefined:undefined:undefined":4,"s:32:4:34:Infinity":18,"b:32:8:32:31:32:31:32:49":5,"s:33:6:33:Infinity":19,"s:36:4:36:Infinity":20,"s:37:4:37:Infinity":21,"s:40:23:56:Infinity":22,"f:40:23:40:24":3,"s:41:4:41:Infinity":23,"b:42:4:42:Infinity:undefined:undefined:undefined:undefined":6,"s:42:4:42:Infinity":24,"s:42:21:42:Infinity":25,"s:44:4:48:Infinity":26,"b:50:4:55:Infinity:undefined:undefined:undefined:undefined":7,"s:50:4:55:Infinity":27,"s:51:6:51:Infinity":28,"s:52:6:52:Infinity":29,"s:53:6:53:Infinity":30,"s:54:6:54:Infinity":31,"s:58:2:137:Infinity":32,"f:67:20:67:21":4,"s:67:27:67:Infinity":33,"b:69:26:69:45:69:45:69:Infinity":8,"b:73:9:73:24:73:24:73:Infinity":9,"f:88:24:88:25":5,"s:88:31:88:Infinity":34,"b:90:33:90:52:90:52:90:Infinity":10,"b:95:11:95:29:95:29:95:Infinity":11,"f:109:24:109:25":6,"s:109:31:109:Infinity":35,"b:111:35:111:54:111:54:111:Infinity":12,"b:116:11:116:31:116:31:116:Infinity":13,"b:121:9:121:Infinity:122:10:128:Infinity":14,"b:134:23:134:40:134:40:134:Infinity":15}}}
,"/Users/kcoffie/qap/dog-boarding/src/components/EmployeeDropdown.jsx": {"path":"/Users/kcoffie/qap/dog-boarding/src/components/EmployeeDropdown.jsx","statementMap":{"0":{"start":{"line":4,"column":59},"end":{"line":4,"column":null}},"1":{"start":{"line":6,"column":27},"end":{"line":6,"column":null}},"2":{"start":{"line":9,"column":26},"end":{"line":9,"column":null}},"3":{"start":{"line":9,"column":35},"end":{"line":9,"column":null}},"4":{"start":{"line":10,"column":27},"end":{"line":10,"column":null}},"5":{"start":{"line":10,"column":36},"end":{"line":10,"column":null}},"6":{"start":{"line":12,"column":23},"end":{"line":14,"column":null}},"7":{"start":{"line":13,"column":4},"end":{"line":13,"column":null}},"8":{"start":{"line":17,"column":29},"end":{"line":19,"column":null}},"9":{"start":{"line":18,"column":4},"end":{"line":18,"column":null}},"10":{"start":{"line":21,"column":2},"end":{"line":37,"column":null}},"11":{"start":{"line":30,"column":21},"end":{"line":30,"column":null}},"12":{"start":{"line":31,"column":8},"end":{"line":34,"column":null}}},"fnMap":{"0":{"name":"EmployeeDropdown","decl":{"start":{"line":3,"column":24},"end":{"line":3,"column":41}},"loc":{"start":{"line":3,"column":51},"end":{"line":39,"column":null}},"line":3},"1":{"name":"(anonymous_1)","decl":{"start":{"line":9,"column":26},"end":{"line":9,"column":27}},"loc":{"start":{"line":9,"column":35},"end":{"line":9,"column":null}},"line":9},"2":{"name":"(anonymous_2)","decl":{"start":{"line":10,"column":27},"end":{"line":10,"column":28}},"loc":{"start":{"line":10,"column":36},"end":{"line":10,"column":null}},"line":10},"3":{"name":"(anonymous_3)","decl":{"start":{"line":12,"column":23},"end":{"line":12,"column":24}},"loc":{"start":{"line":12,"column":30},"end":{"line":14,"column":null}},"line":12},"4":{"name":"(anonymous_4)","decl":{"start":{"line":17,"column":55},"end":{"line":17,"column":null}},"loc":{"start":{"line":18,"column":4},"end":{"line":18,"column":null}},"line":18},"5":{"name":"(anonymous_5)","decl":{"start":{"line":29,"column":30},"end":{"line":29,"column":31}},"loc":{"start":{"line":29,"column":44},"end":{"line":36,"column":7}},"line":29}},"branchMap":{"0":{"loc":{"start":{"line":9,"column":35},"end":{"line":9,"column":null}},"type":"cond-expr","locations":[{"start":{"line":9,"column":61},"end":{"line":9,"column":67}},{"start":{"line":9,"column":67},"end":{"line":9,"column":null}}],"line":9},"1":{"loc":{"start":{"line":10,"column":36},"end":{"line":10,"column":null}},"type":"cond-expr","locations":[{"start":{"line":10,"column":62},"end":{"line":10,"column":69}},{"start":{"line":10,"column":69},"end":{"line":10,"column":null}}],"line":10},"2":{"loc":{"start":{"line":18,"column":4},"end":{"line":18,"column":null}},"type":"binary-expr","locations":[{"start":{"line":18,"column":4},"end":{"line":18,"column":29}},{"start":{"line":18,"column":29},"end":{"line":18,"column":null}}],"line":18}},"s":{"0":49,"1":49,"2":49,"3":98,"4":49,"5":98,"6":49,"7":0,"8":49,"9":98,"10":49,"11":98,"12":98},"f":{"0":49,"1":98,"2":98,"3":0,"4":98,"5":98},"b":{"0":[98,0],"1":[98,0],"2":[98,0]},"meta":{"lastBranch":3,"lastFunction":6,"lastStatement":13,"seen":{"f:3:24:3:41":0,"s:4:59:4:Infinity":0,"s:6:27:6:Infinity":1,"s:9:26:9:Infinity":2,"f:9:26:9:27":1,"s:9:35:9:Infinity":3,"b:9:61:9:67:9:67:9:Infinity":0,"s:10:27:10:Infinity":4,"f:10:27:10:28":2,"s:10:36:10:Infinity":5,"b:10:62:10:69:10:69:10:Infinity":1,"s:12:23:14:Infinity":6,"f:12:23:12:24":3,"s:13:4:13:Infinity":7,"s:17:29:19:Infinity":8,"f:17:55:17:Infinity":4,"s:18:4:18:Infinity":9,"b:18:4:18:29:18:29:18:Infinity":2,"s:21:2:37:Infinity":10,"f:29:30:29:31":5,"s:30:21:30:Infinity":11,"s:31:8:34:Infinity":12}}}
,"/Users/kcoffie/qap/dog-boarding/src/components/EmployeeTotals.jsx": {"path":"/Users/kcoffie/qap/dog-boarding/src/components/EmployeeTotals.jsx","statementMap":{"0":{"start":{"line":5,"column":79},"end":{"line":5,"column":null}},"1":{"start":{"line":8,"column":27},"end":{"line":14,"column":null}},"2":{"start":{"line":9,"column":16},"end":{"line":11,"column":null}},"3":{"start":{"line":9,"column":40},"end":{"line":10,"column":null}},"4":{"start":{"line":12,"column":4},"end":{"line":12,"column":null}},"5":{"start":{"line":12,"column":14},"end":{"line":12,"column":null}},"6":{"start":{"line":13,"column":4},"end":{"line":13,"column":null}},"7":{"start":{"line":16,"column":8},"end":{"line":16,"column":null}},"8":{"start":{"line":18,"column":26},"end":{"line":31,"column":null}},"9":{"start":{"line":19,"column":16},"end":{"line":19,"column":null}},"10":{"start":{"line":20,"column":4},"end":{"line":28,"column":null}},"11":{"start":{"line":21,"column":27},"end":{"line":21,"column":null}},"12":{"start":{"line":21,"column":49},"end":{"line":21,"column":67}},"13":{"start":{"line":22,"column":6},"end":{"line":27,"column":null}},"14":{"start":{"line":23,"column":8},"end":{"line":26,"column":null}},"15":{"start":{"line":24,"column":10},"end":{"line":24,"column":null}},"16":{"start":{"line":25,"column":10},"end":{"line":25,"column":null}},"17":{"start":{"line":29,"column":23},"end":{"line":29,"column":null}},"18":{"start":{"line":30,"column":4},"end":{"line":30,"column":null}},"19":{"start":{"line":34,"column":26},"end":{"line":37,"column":null}},"20":{"start":{"line":35,"column":17},"end":{"line":35,"column":null}},"21":{"start":{"line":36,"column":4},"end":{"line":36,"column":null}},"22":{"start":{"line":40,"column":27},"end":{"line":84,"column":null}},"23":{"start":{"line":41,"column":4},"end":{"line":41,"column":null}},"24":{"start":{"line":41,"column":34},"end":{"line":41,"column":null}},"25":{"start":{"line":44,"column":19},"end":{"line":44,"column":null}},"26":{"start":{"line":45,"column":19},"end":{"line":45,"column":null}},"27":{"start":{"line":46,"column":21},"end":{"line":46,"column":null}},"28":{"start":{"line":47,"column":19},"end":{"line":47,"column":null}},"29":{"start":{"line":49,"column":4},"end":{"line":63,"column":null}},"30":{"start":{"line":49,"column":17},"end":{"line":49,"column":20}},"31":{"start":{"line":50,"column":23},"end":{"line":50,"column":null}},"32":{"start":{"line":51,"column":23},"end":{"line":51,"column":null}},"33":{"start":{"line":52,"column":12},"end":{"line":52,"column":null}},"34":{"start":{"line":54,"column":6},"end":{"line":62,"column":null}},"35":{"start":{"line":56,"column":8},"end":{"line":56,"column":null}},"36":{"start":{"line":59,"column":8},"end":{"line":59,"column":null}},"37":{"start":{"line":60,"column":8},"end":{"line":60,"column":null}},"38":{"start":{"line":61,"column":8},"end":{"line":61,"column":null}},"39":{"start":{"line":65,"column":4},"end":{"line":65,"column":null}},"40":{"start":{"line":68,"column":4},"end":{"line":83,"column":null}},"41":{"start":{"line":69,"column":24},"end":{"line":69,"column":null}},"42":{"start":{"line":70,"column":22},"end":{"line":70,"column":null}},"43":{"start":{"line":72,"column":6},"end":{"line":74,"column":null}},"44":{"start":{"line":73,"column":8},"end":{"line":73,"column":null}},"45":{"start":{"line":77,"column":6},"end":{"line":79,"column":null}},"46":{"start":{"line":78,"column":8},"end":{"line":78,"column":null}},"47":{"start":{"line":82,"column":6},"end":{"line":82,"column":null}},"48":{"start":{"line":87,"column":25},"end":{"line":87,"column":null}},"49":{"start":{"line":89,"column":2},"end":{"line":100,"column":null}},"50":{"start":{"line":90,"column":23},"end":{"line":90,"column":null}},"51":{"start":{"line":90,"column":50},"end":{"line":90,"column":68}},"52":{"start":{"line":91,"column":4},"end":{"line":99,"column":null}},"53":{"start":{"line":92,"column":18},"end":{"line":92,"column":null}},"54":{"start":{"line":93,"column":6},"end":{"line":95,"column":null}},"55":{"start":{"line":94,"column":8},"end":{"line":94,"column":null}},"56":{"start":{"line":96,"column":6},"end":{"line":96,"column":null}},"57":{"start":{"line":97,"column":6},"end":{"line":97,"column":null}},"58":{"start":{"line":98,"column":6},"end":{"line":98,"column":null}},"59":{"start":{"line":102,"column":24},"end":{"line":102,"column":null}},"60":{"start":{"line":104,"column":2},"end":{"line":106,"column":null}},"61":{"start":{"line":105,"column":4},"end":{"line":105,"column":null}},"62":{"start":{"line":108,"column":25},"end":{"line":115,"column":null}},"63":{"start":{"line":109,"column":4},"end":{"line":114,"column":null}},"64":{"start":{"line":117,"column":2},"end":{"line":158,"column":null}},"65":{"start":{"line":129,"column":25},"end":{"line":129,"column":null}},"66":{"start":{"line":130,"column":10},"end":{"line":154,"column":null}}},"fnMap":{"0":{"name":"EmployeeTotals","decl":{"start":{"line":4,"column":24},"end":{"line":4,"column":39}},"loc":{"start":{"line":4,"column":65},"end":{"line":160,"column":null}},"line":4},"1":{"name":"(anonymous_1)","decl":{"start":{"line":8,"column":27},"end":{"line":8,"column":28}},"loc":{"start":{"line":8,"column":37},"end":{"line":14,"column":null}},"line":8},"2":{"name":"(anonymous_2)","decl":{"start":{"line":9,"column":40},"end":{"line":9,"column":null}},"lo
[...]
end":{}}],"line":15},"1":{"loc":{"start":{"line":46,"column":6},"end":{"line":49,"column":null}},"type":"if","locations":[{"start":{"line":46,"column":6},"end":{"line":49,"column":null}},{"start":{},"end":{}}],"line":46},"2":{"loc":{"start":{"line":69,"column":4},"end":{"line":79,"column":null}},"type":"if","locations":[{"start":{"line":69,"column":4},"end":{"line":79,"column":null}},{"start":{},"end":{}}],"line":69},"3":{"loc":{"start":{"line":69,"column":8},"end":{"line":69,"column":45}},"type":"binary-expr","locations":[{"start":{"line":69,"column":8},"end":{"line":69,"column":18}},{"start":{"line":69,"column":22},"end":{"line":69,"column":45}}],"line":69},"4":{"loc":{"start":{"line":73,"column":6},"end":{"line":75,"column":null}},"type":"if","locations":[{"start":{"line":73,"column":6},"end":{"line":75,"column":null}},{"start":{},"end":{}}],"line":73},"5":{"loc":{"start":{"line":95,"column":4},"end":{"line":97,"column":null}},"type":"if","locations":[{"start":{"line":95,"column":4},"end":{"line":97,"column":null}},{"start":{},"end":{}}],"line":95}},"s":{"0":17,"1":17,"2":46,"3":128,"4":46,"5":43,"6":30,"7":30,"8":17,"9":16,"10":4,"11":4,"12":9,"13":27,"14":9,"15":9,"16":4,"17":4,"18":4,"19":5,"20":5,"21":15,"22":23,"23":15,"24":11,"25":11,"26":11,"27":7,"28":11,"29":11,"30":11,"31":5,"32":3,"33":3,"34":7,"35":4,"36":3},"f":{"0":17,"1":128,"2":16,"3":4,"4":27,"5":5,"6":23,"7":3},"b":{"0":[30,13],"1":[4,5],"2":[11,4],"3":[15,11],"4":[7,4],"5":[4,3]},"meta":{"lastBranch":6,"lastFunction":8,"lastStatement":37,"seen":{"f:10:16:10:30":0,"s:11:14:11:15":0,"s:12:2:20:Infinity":1,"s:13:25:13:66":2,"f:13:42:13:43":1,"s:13:47:13:65":3,"s:14:4:19:Infinity":4,"b:15:6:18:Infinity:undefined:undefined:undefined:undefined":0,"s:15:6:18:Infinity":5,"s:16:8:16:Infinity":6,"s:17:8:17:14":7,"s:21:2:21:Infinity":8,"f:30:16:30:28":2,"s:31:2:31:Infinity":9,"f:41:16:41:34":3,"s:42:14:42:15":10,"s:43:2:51:Infinity":11,"s:44:25:44:66":12,"f:44:42:44:43":4,"s:44:47:44:65":13,"s:45:4:50:Infinity":14,"b:46:6:49:Infinity:undefined:undefined:undefined:undefined":1,"s:46:6:49:Infinity":15,"s:47:8:47:Infinity":16,"s:48:8:48:Infinity":17,"s:52:2:52:Infinity":18,"f:64:16:64:39":5,"s:65:17:65:19":19,"s:67:2:80:Infinity":20,"s:68:23:68:69":21,"f:68:45:68:46":6,"s:68:50:68:68":22,"b:69:4:79:Infinity:undefined:undefined:undefined:undefined":2,"s:69:4:79:Infinity":23,"b:69:8:69:18:69:22:69:45":3,"s:70:20:70:60":24,"s:71:18:71:52":25,"b:73:6:75:Infinity:undefined:undefined:undefined:undefined":4,"s:73:6:75:Infinity":26,"s:74:8:74:Infinity":27,"s:76:6:76:Infinity":28,"s:77:6:77:Infinity":29,"s:78:6:78:Infinity":30,"s:82:2:82:Infinity":31,"f:92:16:92:38":7,"s:93:14:93:15":32,"s:94:2:98:Infinity":33,"b:95:4:97:Infinity:undefined:undefined:undefined:undefined":5,"s:95:4:97:Infinity":34,"s:96:6:96:Infinity":35,"s:99:2:99:Infinity":36}}}
,"/Users/kcoffie/qap/dog-boarding/src/utils/dateUtils.js": {"path":"/Users/kcoffie/qap/dog-boarding/src/utils/dateUtils.js","statementMap":{"0":{"start":{"line":3,"column":2},"end":{"line":3,"column":null}},"1":{"start":{"line":3,"column":13},"end":{"line":3,"column":null}},"2":{"start":{"line":4,"column":2},"end":{"line":7,"column":null}},"3":{"start":{"line":6,"column":17},"end":{"line":6,"column":75}},"4":{"start":{"line":12,"column":15},"end":{"line":12,"column":35}},"5":{"start":{"line":13,"column":2},"end":{"line":17,"column":null}},"6":{"start":{"line":22,"column":15},"end":{"line":22,"column":35}},"7":{"start":{"line":23,"column":2},"end":{"line":26,"column":null}},"8":{"start":{"line":31,"column":2},"end":{"line":31,"column":null}},"9":{"start":{"line":36,"column":15},"end":{"line":36,"column":35}},"10":{"start":{"line":37,"column":2},"end":{"line":37,"column":null}},"11":{"start":{"line":42,"column":15},"end":{"line":42,"column":35}},"12":{"start":{"line":43,"column":2},"end":{"line":43,"column":null}},"13":{"start":{"line":48,"column":2},"end":{"line":48,"column":null}},"14":{"start":{"line":53,"column":18},"end":{"line":53,"column":43}},"15":{"start":{"line":54,"column":20},"end":{"line":54,"column":47}},"16":{"start":{"line":57,"column":22},"end":{"line":57,"column":92}},"17":{"start":{"line":58,"column":24},"end":{"line":58,"column":100}},"18":{"start":{"line":61,"column":19},"end":{"line":61,"column":84}},"19":{"start":{"line":64,"column":24},"end":{"line":64,"column":44}},"20":{"start":{"line":65,"column":27},"end":{"line":65,"column":49}},"21":{"start":{"line":66,"column":33},"end":{"line":66,"column":103}},"22":{"start":{"line":73,"column":2},"end":{"line":73,"column":null}},"23":{"start":{"line":79,"column":15},"end":{"line":79,"column":46}},"24":{"start":{"line":80,"column":18},"end":{"line":80,"column":52}},"25":{"start":{"line":81,"column":20},"end":{"line":81,"column":56}},"26":{"start":{"line":84,"column":20},"end":{"line":84,"column":81}},"27":{"start":{"line":85,"column":22},"end":{"line":85,"column":92}},"28":{"start":{"line":86,"column":24},"end":{"line":86,"column":100}},"29":{"start":{"line":93,"column":2},"end":{"line":93,"column":null}},"30":{"start":{"line":99,"column":15},"end":{"line":99,"column":46}},"31":{"start":{"line":100,"column":18},"end":{"line":100,"column":52}},"32":{"start":{"line":101,"column":20},"end":{"line":101,"column":56}},"33":{"start":{"line":104,"column":20},"end":{"line":104,"column":81}},"34":{"start":{"line":105,"column":22},"end":{"line":105,"column":92}},"35":{"start":{"line":106,"column":24},"end":{"line":106,"column":100}},"36":{"start":{"line":113,"column":2},"end":{"line":115,"column":null}},"37":{"start":{"line":114,"column":4},"end":{"line":114,"column":null}},"38":{"start":{"line":118,"column":2},"end":{"line":121,"column":null}},"39":{"start":{"line":119,"column":24},"end":{"line":119,"column":42}},"40":{"start":{"line":120,"column":4},"end":{"line":120,"column":null}},"41":{"start":{"line":124,"column":2},"end":{"line":126,"column":null}},"42":{"start":{"line":125,"column":4},"end":{"line":125,"column":null}},"43":{"start":{"line":129,"column":2},"end":{"line":129,"column":null}},"44":{"start":{"line":134,"column":16},"end":{"line":134,"column":18}},"45":{"start":{"line":137,"column":16},"end":{"line":139,"column":39}},"46":{"start":{"line":140,"column":2},"end":{"line":140,"column":null}},"47":{"start":{"line":142,"column":2},"end":{"line":146,"column":null}},"48":{"start":{"line":142,"column":15},"end":{"line":142,"column":16}},"49":{"start":{"line":143,"column":17},"end":{"line":143,"column":32}},"50":{"start":{"line":144,"column":4},"end":{"line":144,"column":null}},"51":{"start":{"line":145,"column":4},"end":{"line":145,"column":null}},"52":{"start":{"line":148,"column":2},"end":{"line":148,"column":null}},"53":{"start":{"line":153,"column":15},"end":{"line":153,"column":46}},"54":{"start":{"line":154,"column":2},"end":{"line":157,"column":null}},"55":{"start":{"line":162,"column":15},"end":{"line":162,"column":46}},"56":{"start":{"line":163,"column":2},"end":{"line":163,"column":null}}},"fnMap":{"0":{"name":"formatName","decl":{"start":{"line":2,"column":16},"end":{"line":2,"column":26}},"loc":{"start":{"line":2,"column":33},"end":{"line":8,"column":null}},"line":2},"1":{"name":"(anonymous_1)","decl":{"start":{"line":6,"column":9},"end":{"line":6,"column":13}},"loc":{"start":{"line":6,"column":17},"end":{"line":6,"column":75}},"line":6},"2":{"name":"formatDate","decl":{"start":{"line":11,"column":16},"end":{"line":11,"column":26}},"loc":{"start":{"line":11,"column":39},"end":{"line":18,"column":null}},"line":11},"3":{"name":"formatTime","decl":{"start":{"line":21,"column":16},"end":{"line":21,"column":26}},"loc":{"start":{"line":21,"column":39},"end":{"line":27,"column":null}},"line":21},"4":{"name":"formatDateTime","decl":{"start":{"line":30,"column":16},"end":{"line":30,"column":30}},"loc":{"start":{"line":30,"column":43},"end":{"line":32,"column":null}},"line":30},"5":{"name":"toDateInputValue","decl":{"start":{"line":35,"column":16},"end":{"line":35,"column":32}},"loc":{"start":{"line":35,"column":45},"end":{"line":38,"column":null}},"line":35},"6":{"name":"toTimeInputValue","decl":{"start":{"line":41,"column":16},"end":{"line":41,"column":32}},"loc":{"start":{"line":41,"column":45},"end":{"line":44,"column":null}},"line":41},"7":{"name":"combineDateAndTime","decl":{"start":{"line":47,"column":16},"end":{"line":47,"column":34}},"loc":{"start":{"line":47,"column":53},"end":{"line":49,"column":null}},"line":47},"8":{"name":"calculateNights","decl":{"start":{"line":52,"column":16},"end":{"line":52,"column":31}},"loc":{"start":{"line":52,"column":68},"end":{"line":74,"column":null}},"line":52},"9":{"name":"isOvernight","decl":{"start":{"line":77,"column":16},"end":{"line":77,"column":27}},"loc":{"start":{"line":77,"column":47},"end":{"line":94,"column":null}},"line":77},"10":{"name":"isDayPresent","decl":{"start":{"line":97,"column":16},"end":{"line":97,"column":28}},"loc":{"start":{"line":97,"column":48},"end":{"line":130,"column":null}},"line":97},"11":{"name":"getDateRange","decl":{"start":{"line":133,"column":16},"end":{"line":133,"column":28}},"loc":{"start":{"line":133,"column":46},"end":{"line":149,"column":null}},"line":133},"12":{"name":"formatDateShort","decl":{"start":{"line":152,"column":16},"end":{"line":152,"column":31}},"loc":{"start":{"line":152,"column":41},"end":{"line":158,"column":null}},"line":152},"13":{"name":"getDayOfWeek","decl":{"start":{"line":161,"column":16},"end":{"line":161,"column":28}},"loc":{"start":{"line":161,"column":38},"end":{"line":164,"column":null}},"line":161}},"branchMap":{"0":{"loc":{"start":{"line":3,"column":2},"end":{"line":3,"column":null}},"type":"if","locations":[{"start":{"line":3,"column":2},"end":{"line":3,"column":null}},{"start":{},"end":{}}],"line":3},"1":{"loc":{"start":{"line":66,"column":33},"end":{"line":66,"column":103}},"type":"binary-expr","locations":[{"start":{"line":66,"column":33},"end":{"line":66,"column":51}},{"start":{"line":66,"column":56},"end":{"line":66,"column":76}},{"start":{"line":66,"column":80},"end":{"line":66,"column":102}}],"line":66},"2":{"loc":{"start":{"line":93,"column":9},"end":{"line":93,"column":62}},"type":"binary-expr","locations":[{"start":{"line":93,"column":9},"end":{"line":93,"column":33}},{"start":{"line":93,"column":37},"end":{"line":93,"column":62}}],"line":93},"3":{"loc":{"start":{"line":113,"column":2},"end":{"line":115,"column":null}},"type":"if","locations":[{"start":{"line":113,"column":2},"end":{"line":115,"column":null}},{"start":{},"end":{}}],"line":113},"4":{"loc":{"start":{"line":113,"column":6},"end":{"line":113,"column":58}},"type":"binary-expr","locations":[{"start":{"line":113,"column":6},"end":{"line":113,"column":29}},{"start":{"line":113,"column":33},"end":{"line":113,"column":58}}],"line":113},"5":{"loc":{"start":{"line":118,"column":2},"end":{"line":121,"column":null}},"type":"if","locations":[{"start":{"line":118,"column":2},"end":{"line":121,"column":null}},{"start":{},"end":{}}],"line":118},"6":{"loc":{"start":{"line":124,"column":2},"end":{"line":126,"column":null}},"type":"if","locations":[{"start":{"line":124,"column":2},"end":{"line":126,"column":null}},{"start":{},"end":{}}],"line":124},"7":{"loc":{"start":{"line":137,"column":16},"end":{"line":139,"column":39}},"type":"cond-expr","locations":[{"start":{"line":138,"column":6},"end":{"line":138,"column":null}},{"start":{"line":139,"column":6},"end":{"line":139,"column":39}}],"line":137}},"s":{"0":61,"1":3,"2":58,"3":59,"4":2,"5":2,"6":2,"7":2,"8":1,"9":3,"10":3,"11":3,"12":3,"13":5,"14":4,"15":4,"16":4,"17":4,"18":4,"19":4,"20":4,"21":4,"22":4,"23":720,"24":720,"25":720,"26":720,"27":720,"28":720,"29":720,"30":65,"31":65,"32":65,"33":65,"34":65,"35":65,"36":65,"37":23,"38":42,"39":18,"40":18,"41":24,"42":8,"43":16,"44":28,"45":28,"46":28,"47":28,"48":28,"49":145,"50":145,"51":145,"52":28,"53":99,"54":99,"55":100,"56":100},"f":{"0":61,"1":59,"2":2,"3":2,"4":1,"5":3,"6":3,"7":5,"8":4,"9":720,"10":65,"11":28,"12":99,"13":100},"b":{"0":[3,58],"1":[4,0,0],"2":[720,696],"3":[23,42],"4":[65,64],"5":[18,24],"6":[8,16],"7":[0,28]},"meta":{"lastBranch":8,"lastFunction":14,"lastStatement":57,"seen":{"f:2:16:2:26":0,"b:3:2:3:Infinity:undefined:undefined:undefined:undefined":0,"s:3:2:3:Infinity":0,"s:3:13:3:Infinity":1,"s:4:2:7:Infinity":2,"f:6:9:6:13":1,"s:6:17:6:75":3,"f:11:16:11:26":2,"s:12:15:12:35":4,"s:13:2:17:Infinity":5,"f:21:16:21:26":3,"s:22:15:22:35":6,"s:23:2:26:Infinity":7,"f:30:16:30:30":4,"s:31:2:31:Infinity":8,"f:35:16:35:32":5,"s:36:15:36:35":9,"s:37:2:37:Infinity":10,"f:41:16:41:32":6,"s:42:15:42:35":11,"s:43:2:43:Infinity":12,"f:47:16:47:34":7,"s:48:2:48:Infinity":13,"f:52:16:52:31":8,"s:53:18:53:43":14,"s:54:20:54:47":15,"s:57:22:57:92":16,"s:58:24:58:100":17,"s:61:19:61:84":18,"s:64:24:64:44":19,"s:65:27:65:49":20,"s:66:33:66:103":21,"b:66:33:66:51:66:56:66:76:66:80:66:102":1,"s:73:2:73:Infinity":22,"f:77:16:77:27":9,"s:79:15:79:46":23,"s:80:18:80:52":24,"s:81:20:81:56":25,"s:84:20:84:81":26,"s:85:22:85:92":27,"s:86:24:86:100":28,"s:93:2:93:Infinity":29,"b:93:9:93:33:93:37:93:62":2,"f:97:16:97:28":10,"s:99:15:99:46":30,"s:100:18:100:52":31,"s:101:20:101:56":32,"s:104:20:104:81":33,"s:105:22:105:92":34,"s:106:24:106:100":35,"b:113:2:115:Infinity:undefined:undefined:undefined:undefined":3,"s:113:2:115:Infinity":36,"b:113:6:113:29:113:33:113:58":4,"s:114:4:114:Infinity":37,"b:118:2:121:Infinity:undefined:undefined:undefined:undefined":5,"s:118:2:121:Infinity":38,"s:119:24:119:42":39,"s:120:4:120:Infinity":40,"b:124:2:126:Infinity:undefined:undefined:undefined:undefined":6,"s:124:2:126:Infinity":41,"s:125:4:125:Infinity":42,"s:129:2:129:Infinity":43,"f:133:16:133:28":11,"s:134:16:134:18":44,"s:137:16:139:39":45,"b:138:6:138:Infinity:139:6:139:39":7,"s:140:2:140:Infinity":46,"s:142:2:146:Infinity":47,"s:142:15:142:16":48,"s:143:17:143:32":49,"s:144:4:144:Infinity":50,"s:145:4:145:Infinity":51,"s:148:2:148:Infinity":52,"f:152:16:152:31":12,"s:153:15:153:46":53,"s:154:2:157:Infinity":54,"f:161:16:161:28":13,"s:162:15:162:46":55,"s:163:2:163:Infinity":56}}}
,"/Users/kcoffie/qap/dog-boarding/src/utils/logger.js": {"path":"/Users/kcoffie/qap/dog-boarding/src/utils/logger.js","statementMap":{"0":{"start":{"line":1,"column":14},"end":{"line":1,"column":null}},"1":{"start":{"line":3,"column":18},"end":{"line":10,"column":1}},"2":{"start":{"line":4,"column":2},"end":{"line":4,"column":null}},"3":{"start":{"line":4,"column":13},"end":{"line":4,"column":null}},"4":{"start":{"line":5,"column":2},"end":{"line":9,"column":null}},"5":{"start":{"line":6,"column":4},"end":{"line":6,"column":null}},"6":{"start":{"line":8,"column":4},"end":{"line":8,"column":null}},"7":{"start":{"line":12,"column":15},"end":{"line":17,"column":1}},"8":{"start":{"line":19,"column":22},"end":{"line":49,"column":1}},"9":{"start":{"line":21,"column":4},"end":{"line":21,"column":null}},"10":{"start":{"line":22,"column":4},"end":{"line":22,"column":null}},"11":{"start":{"line":26,"column":4},"end":{"line":26,"column":null}},"12":{"start":{"line":27,"column":4},"end":{"line":27,"column":null}},"13":{"start":{"line":31,"column":4},"end":{"line":31,"column":null}},"14":{"start":{"line":31,"column":22},"end":{"line":31,"column":null}},"15":{"start":{"line":32,"column":4},"end":{"line":32,"column":null}},"16":{"start":{"line":36,"column":4},"end":{"line":36,"column":null}},"17":{"start":{"line":36,"column":22},"end":{"line":36,"column":null}},"18":{"start":{"line":37,"column":4},"end":{"line":37,"column":null}},"19":{"start":{"line":41,"column":4},"end":{"line":41,"column":null}},"20":{"start":{"line":41,"column":22},"end":{"line":41,"column":null}},"21":{"start":{"line":42,"column":4},"end":{"line":42,"column":null}},"22":{"start":{"line":46,"column":4},"end":{"line":46,"column":null}},"23":{"start":{"line":46,"column":22},"end":{"line":46,"column":null}},"24":{"start":{"line":47,"column":4},"end":{"line":47,"column":null}},"25":{"start":{"line":52,"column":0},"end":{"line":54,"column":null}},"26":{"start":{"line":53,"column":2},"end":{"line":53,"column":null}}},"fnMap":{"0":{"name":"(anonymous_0)","decl":{"start":{"line":3,"column":18},"end":{"line":3,"column":19}},"loc":{"start":{"line":3,"column":24},"end":{"line":10,"column":1}},"line":3},"1":{"name":"(anonymous_1)","decl":{"start":{"line":20,"column":2},"end":{"line":20,"column":8}},"loc":{"start":{"line":20,"column":11},"end":{"line":23,"column":3}},"line":20},"2":{"name":"(anonymous_2)","decl":{"start":{"line":25,"column":2},"end":{"line":25,"column":9}},"loc":{"start":{"line":25,"column":12},"end":{"line":28,"column":3}},"line":25},"3":{"name":"(anonymous_3)","decl":{"start":{"line":30,"column":2},"end":{"line":30,"column":5}},"loc":{"start":{"line":30,"column":20},"end":{"line":33,"column":3}},"line":30},"4":{"name":"(anonymous_4)","decl":{"start":{"line":35,"column":2},"end":{"line":35,"column":10}},"loc":{"start":{"line":35,"column":25},"end":{"line":38,"column":3}},"line":35},"5":{"name":"(anonymous_5)","decl":{"start":{"line":40,"column":2},"end":{"line":40,"column":10}},"loc":{"start":{"line":40,"column":25},"end":{"line":43,"column":3}},"line":40},"6":{"name":"(anonymous_6)","decl":{"start":{"line":45,"column":2},"end":{"line":45,"column":6}},"loc":{"start":{"line":45,"column":21},"end":{"line":48,"column":3}},"line":45}},"branchMap":{"0":{"loc":{"start":{"line":4,"column":2},"end":{"line":4,"column":null}},"type":"if","locations":[{"start":{"line":4,"column":2},"end":{"line":4,"column":null}},{"start":{},"end":{}}],"line":4},"1":{"loc":{"start":{"line":31,"column":4},"end":{"line":31,"column":null}},"type":"if","locations":[{"start":{"line":31,"column":4},"end":{"line":31,"column":null}},{"start":{},"end":{}}],"line":31},"2":{"loc":{"start":{"line":36,"column":4},"end":{"line":36,"column":null}},"type":"if","locations":[{"start":{"line":36,"column":4},"end":{"line":36,"column":null}},{"start":{},"end":{}}],"line":36},"3":{"loc":{"start":{"line":41,"column":4},"end":{"line":41,"column":null}},"type":"if","locations":[{"start":{"line":41,"column":4},"end":{"line":41,"column":null}},{"start":{},"end":{}}],"line":41},"4":{"loc":{"start":{"line":46,"column":4},"end":{"line":46,"column":null}},"type":"if","locations":[{"start":{"line":46,"column":4},"end":{"line":46,"column":null}},{"start":{},"end":{}}],"line":46},"5":{"loc":{"start":{"line":52,"column":0},"end":{"line":54,"column":null}},"type":"if","locations":[{"start":{"line":52,"column":0},"end":{"line":54,"column":null}},{"start":{},"end":{}}],"line":52}},"s":{"0":4,"1":4,"2":6,"3":6,"4":0,"5":0,"6":0,"7":4,"8":4,"9":0,"10":0,"11":0,"12":0,"13":0,"14":0,"15":0,"16":0,"17":0,"18":0,"19":6,"20":0,"21":6,"22":0,"23":0,"24":0,"25":4,"26":4},"f":{"0":6,"1":0,"2":0,"3":0,"4":0,"5":6,"6":0},"b":{"0":[6,0],"1":[0,0],"2":[0,0],"3":[0,6],"4":[0,0],"5":[4,0]},"meta":{"lastBranch":6,"lastFunction":7,"lastStatement":27,"seen":{"s:1:14:1:Infinity":0,"s:3:18:10:1":1,"f:3:18:3:19":0,"b:4:2:4:Infinity:undefined:undefined:undefined:undefined":0,"s:4:2:4:Infinity":2,"s:4:13:4:Infinity":3,"s:5:2:9:Infinity":4,"s:6:4:6:Infinity":5,"s:8:4:8:Infinity":6,"s:12:15:17:1":7,"s:19:22:49:1":8,"f:20:2:20:8":1,"s:21:4:21:Infinity":9,"s:22:4:22:Infinity":10,"f:25:2:25:9":2,"s:26:4:26:Infinity":11,"s:27:4:27:Infinity":12,"f:30:2:30:5":3,"b:31:4:31:Infinity:undefined:undefined:undefined:undefined":1,"s:31:4:31:Infinity":13,"s:31:22:31:Infinity":14,"s:32:4:32:Infinity":15,"f:35:2:35:10":4,"b:36:4:36:Infinity:undefined:undefined:undefined:undefined":2,"s:36:4:36:Infinity":16,"s:36:22:36:Infinity":17,"s:37:4:37:Infinity":18,"f:40:2:40:10":5,"b:41:4:41:Infinity:undefined:undefined:undefined:undefined":3,"s:41:4:41:Infinity":19,"s:41:22:41:Infinity":20,"s:42:4:42:Infinity":21,"f:45:2:45:6":6,"b:46:4:46:Infinity:undefined:undefined:undefined:undefined":4,"s:46:4:46:Infinity":22,"s:46:22:46:Infinity":23,"s:47:4:47:Infinity":24,"b:52:0:54:Infinity:undefined:undefined:undefined:undefined":5,"s:52:0:54:Infinity":25,"s:53:2:53:Infinity":26}}}
}
